{"/Users/lisheng/mygit/vlbos/pacific-js/src/api.ts": {"path":"/Users/lisheng/mygit/vlbos/pacific-js/src/api.ts","statementMap":{"0":{"start":{"line":1,"column":0},"end":{"line":1,"column":64}},"1":{"start":{"line":2,"column":0},"end":{"line":2,"column":36}},"2":{"start":{"line":3,"column":0},"end":{"line":3,"column":68}},"3":{"start":{"line":5,"column":0},"end":{"line":5,"column":66}},"4":{"start":{"line":8,"column":0},"end":{"line":8,"column":27}},"5":{"start":{"line":9,"column":0},"end":{"line":9,"column":43}},"6":{"start":{"line":10,"column":0},"end":{"line":10,"column":null}},"7":{"start":{"line":24,"column":0},"end":{"line":24,"column":null}},"8":{"start":{"line":31,"column":0},"end":{"line":31,"column":null}},"9":{"start":{"line":41,"column":0},"end":{"line":41,"column":13}},"10":{"start":{"line":54,"column":11},"end":{"line":54,"column":null}},"11":{"start":{"line":70,"column":8},"end":{"line":70,"column":null}},"12":{"start":{"line":71,"column":8},"end":{"line":71,"column":null}},"13":{"start":{"line":72,"column":8},"end":{"line":82,"column":null}},"14":{"start":{"line":74,"column":16},"end":{"line":74,"column":null}},"15":{"start":{"line":75,"column":16},"end":{"line":75,"column":null}},"16":{"start":{"line":76,"column":16},"end":{"line":76,"column":21}},"17":{"start":{"line":79,"column":16},"end":{"line":79,"column":null}},"18":{"start":{"line":80,"column":16},"end":{"line":80,"column":null}},"19":{"start":{"line":81,"column":16},"end":{"line":81,"column":21}},"20":{"start":{"line":85,"column":8},"end":{"line":85,"column":null}},"21":{"start":{"line":85,"column":50},"end":{"line":85,"column":54}},"22":{"start":{"line":95,"column":17},"end":{"line":108,"column":null}},"23":{"start":{"line":95,"column":45},"end":{"line":95,"column":null}},"24":{"start":{"line":96,"column":12},"end":{"line":96,"column":25}},"25":{"start":{"line":99,"column":16},"end":{"line":99,"column":36}},"26":{"start":{"line":100,"column":12},"end":{"line":100,"column":121}},"27":{"start":{"line":103,"column":12},"end":{"line":103,"column":null}},"28":{"start":{"line":104,"column":12},"end":{"line":104,"column":null}},"29":{"start":{"line":105,"column":12},"end":{"line":105,"column":null}},"30":{"start":{"line":107,"column":8},"end":{"line":107,"column":null}},"31":{"start":{"line":119,"column":17},"end":{"line":131,"column":null}},"32":{"start":{"line":128,"column":12},"end":{"line":128,"column":125}},"33":{"start":{"line":130,"column":8},"end":{"line":130,"column":null}},"34":{"start":{"line":138,"column":17},"end":{"line":161,"column":null}},"35":{"start":{"line":147,"column":21},"end":{"line":147,"column":null}},"36":{"start":{"line":147,"column":12},"end":{"line":147,"column":null}},"37":{"start":{"line":150,"column":8},"end":{"line":156,"column":null}},"38":{"start":{"line":151,"column":18},"end":{"line":151,"column":null}},"39":{"start":{"line":152,"column":12},"end":{"line":152,"column":null}},"40":{"start":{"line":154,"column":18},"end":{"line":154,"column":null}},"41":{"start":{"line":155,"column":12},"end":{"line":155,"column":null}},"42":{"start":{"line":157,"column":8},"end":{"line":159,"column":null}},"43":{"start":{"line":158,"column":12},"end":{"line":158,"column":null}},"44":{"start":{"line":160,"column":8},"end":{"line":160,"column":null}},"45":{"start":{"line":171,"column":17},"end":{"line":200,"column":null}},"46":{"start":{"line":172,"column":8},"end":{"line":172,"column":null}},"47":{"start":{"line":173,"column":8},"end":{"line":173,"column":null}},"48":{"start":{"line":185,"column":21},"end":{"line":185,"column":null}},"49":{"start":{"line":185,"column":12},"end":{"line":185,"column":null}},"50":{"start":{"line":187,"column":8},"end":{"line":199,"column":null}},"51":{"start":{"line":188,"column":18},"end":{"line":188,"column":null}},"52":{"start":{"line":189,"column":12},"end":{"line":192,"column":null}},"53":{"start":{"line":190,"column":38},"end":{"line":190,"column":55}},"54":{"start":{"line":194,"column":18},"end":{"line":194,"column":null}},"55":{"start":{"line":195,"column":12},"end":{"line":198,"column":null}},"56":{"start":{"line":196,"column":45},"end":{"line":196,"column":62}},"57":{"start":{"line":208,"column":17},"end":{"line":228,"column":null}},"58":{"start":{"line":209,"column":8},"end":{"line":209,"column":20}},"59":{"start":{"line":209,"column":22},"end":{"line":209,"column":29}},"60":{"start":{"line":214,"column":8},"end":{"line":214,"column":null}},"61":{"start":{"line":219,"column":19},"end":{"line":219,"column":112}},"62":{"start":{"line":219,"column":12},"end":{"line":219,"column":112}},"63":{"start":{"line":222,"column":12},"end":{"line":222,"column":null}},"64":{"start":{"line":223,"column":12},"end":{"line":223,"column":null}},"65":{"start":{"line":224,"column":12},"end":{"line":224,"column":null}},"66":{"start":{"line":227,"column":8},"end":{"line":227,"column":null}},"67":{"start":{"line":236,"column":17},"end":{"line":255,"column":null}},"68":{"start":{"line":237,"column":8},"end":{"line":237,"column":null}},"69":{"start":{"line":238,"column":8},"end":{"line":238,"column":null}},"70":{"start":{"line":250,"column":21},"end":{"line":250,"column":null}},"71":{"start":{"line":250,"column":14},"end":{"line":250,"column":null}},"72":{"start":{"line":251,"column":8},"end":{"line":254,"column":null}},"73":{"start":{"line":252,"column":48},"end":{"line":252,"column":65}},"74":{"start":{"line":264,"column":17},"end":{"line":286,"column":null}},"75":{"start":{"line":265,"column":8},"end":{"line":265,"column":null}},"76":{"start":{"line":266,"column":8},"end":{"line":266,"column":null}},"77":{"start":{"line":267,"column":8},"end":{"line":267,"column":null}},"78":{"start":{"line":272,"column":19},"end":{"line":276,"column":null}},"79":{"start":{"line":272,"column":12},"end":{"line":276,"column":null}},"80":{"start":{"line":278,"column":12},"end":{"line":278,"column":null}},"81":{"start":{"line":279,"column":12},"end":{"line":279,"column":null}},"82":{"start":{"line":280,"column":12},"end":{"line":280,"column":null}},"83":{"start":{"line":283,"column":8},"end":{"line":285,"column":null}},"84":{"start":{"line":284,"column":41},"end":{"line":284,"column":58}},"85":{"start":{"line":292,"column":17},"end":{"line":299,"column":null}},"86":{"start":{"line":292,"column":29},"end":{"line":292,"column":33}},"87":{"start":{"line":296,"column":21},"end":{"line":296,"column":null}},"88":{"start":{"line":296,"column":14},"end":{"line":296,"column":null}},"89":{"start":{"line":298,"column":8},"end":{"line":298,"column":null}},"90":{"start":{"line":307,"column":17},"end":{"line":322,"column":null}},"91":{"start":{"line":308,"column":8},"end":{"line":308,"column":null}},"92":{"start":{"line":309,"column":8},"end":{"line":309,"column":null}},"93":{"start":{"line":312,"column":21},"end":{"line":316,"column":null}},"94":{"start":{"line":312,"column":14},"end":{"line":316,"column":null}},"95":{"start":{"line":318,"column":8},"end":{"line":321,"column":null}},"96":{"start":{"line":319,"column":50},"end":{"line":319,"column":73}},"97":{"start":{"line":329,"column":17},"end":{"line":336,"column":null}},"98":{"start":{"line":329,"column":38},"end":{"line":329,"column":null}},"99":{"start":{"line":331,"column":14},"end":{"line":331,"column":null}},"100":{"start":{"line":332,"column":14},"end":{"line":332,"column":null}},"101":{"start":{"line":334,"column":25},"end":{"line":334,"column":null}},"102":{"start":{"line":334,"column":14},"end":{"line":334,"column":null}},"103":{"start":{"line":335,"column":8},"end":{"line":335,"column":null}},"104":{"start":{"line":345,"column":17},"end":{"line":359,"column":null}},"105":{"start":{"line":345,"column":54},"end":{"line":345,"column":null}},"106":{"start":{"line":347,"column":14},"end":{"line":355,"column":null}},"107":{"start":{"line":357,"column":25},"end":{"line":357,"column":null}},"108":{"start":{"line":357,"column":14},"end":{"line":357,"column":null}},"109":{"start":{"line":358,"column":8},"end":{"line":358,"column":null}},"110":{"start":{"line":368,"column":17},"end":{"line":374,"column":null}},"111":{"start":{"line":368,"column":52},"end":{"line":368,"column":null}},"112":{"start":{"line":370,"column":8},"end":{"line":373,"column":null}},"113":{"start":{"line":381,"column":18},"end":{"line":397,"column":null}},"114":{"start":{"line":381,"column":42},"end":{"line":381,"column":null}},"115":{"start":{"line":383,"column":14},"end":{"line":383,"column":null}},"116":{"start":{"line":384,"column":14},"end":{"line":384,"column":null}},"117":{"start":{"line":385,"column":14},"end":{"line":385,"column":null}},"118":{"start":{"line":386,"column":14},"end":{"line":392,"column":null}},"119":{"start":{"line":394,"column":8},"end":{"line":394,"column":null}},"120":{"start":{"line":396,"column":8},"end":{"line":396,"column":null}},"121":{"start":{"line":396,"column":56},"end":{"line":396,"column":89}},"122":{"start":{"line":396,"column":60},"end":{"line":396,"column":89}},"123":{"start":{"line":399,"column":18},"end":{"line":441,"column":null}},"124":{"start":{"line":400,"column":8},"end":{"line":403,"column":null}},"125":{"start":{"line":401,"column":12},"end":{"line":401,"column":null}},"126":{"start":{"line":402,"column":12},"end":{"line":402,"column":null}},"127":{"start":{"line":408,"column":21},"end":{"line":408,"column":null}},"128":{"start":{"line":408,"column":12},"end":{"line":408,"column":null}},"129":{"start":{"line":409,"column":12},"end":{"line":409,"column":null}},"130":{"start":{"line":414,"column":8},"end":{"line":414,"column":null}},"131":{"start":{"line":416,"column":8},"end":{"line":438,"column":null}},"132":{"start":{"line":418,"column":16},"end":{"line":420,"column":null}},"133":{"start":{"line":421,"column":16},"end":{"line":421,"column":21}},"134":{"start":{"line":424,"column":16},"end":{"line":424,"column":null}},"135":{"start":{"line":425,"column":16},"end":{"line":425,"column":21}},"136":{"start":{"line":427,"column":16},"end":{"line":427,"column":null}},"137":{"start":{"line":428,"column":16},"end":{"line":428,"column":21}},"138":{"start":{"line":430,"column":16},"end":{"line":430,"column":null}},"139":{"start":{"line":431,"column":16},"end":{"line":431,"column":21}},"140":{"start":{"line":433,"column":16},"end":{"line":433,"column":null}},"141":{"start":{"line":434,"column":16},"end":{"line":434,"column":21}},"142":{"start":{"line":436,"column":16},"end":{"line":436,"column":null}},"143":{"start":{"line":437,"column":16},"end":{"line":437,"column":21}},"144":{"start":{"line":440,"column":8},"end":{"line":440,"column":null}},"145":{"start":{"line":442,"column":0},"end":{"line":442,"column":null}},"146":{"start":{"line":41,"column":13},"end":{"line":41,"column":23}},"147":{"start":{"line":445,"column":26},"end":{"line":447,"column":null}},"148":{"start":{"line":449,"column":4},"end":{"line":451,"column":null}},"149":{"start":{"line":450,"column":8},"end":{"line":450,"column":null}}},"fnMap":{"0":{"name":"(anonymous_13)","decl":{"start":{"line":41,"column":0},"end":{"line":41,"column":13}},"loc":{"start":{"line":41,"column":0},"end":{"line":442,"column":null}}},"1":{"name":"OpenSeaAPI","decl":{"start":{"line":69,"column":4},"end":{"line":69,"column":16}},"loc":{"start":{"line":69,"column":72},"end":{"line":86,"column":5}}},"2":{"name":"(anonymous_15)","decl":{"start":{"line":85,"column":33},"end":{"line":85,"column":34}},"loc":{"start":{"line":85,"column":45},"end":{"line":85,"column":53}}},"3":{"name":"(anonymous_16)","decl":{"start":{"line":95,"column":4},"end":{"line":95,"column":17}},"loc":{"start":{"line":95,"column":56},"end":{"line":108,"column":null}}},"4":{"name":"(anonymous_19)","decl":{"start":{"line":119,"column":4},"end":{"line":119,"column":17}},"loc":{"start":{"line":122,"column":21},"end":{"line":131,"column":null}}},"5":{"name":"(anonymous_22)","decl":{"start":{"line":138,"column":4},"end":{"line":138,"column":17}},"loc":{"start":{"line":138,"column":43},"end":{"line":161,"column":null}}},"6":{"name":"(anonymous_25)","decl":{"start":{"line":171,"column":4},"end":{"line":171,"column":17}},"loc":{"start":{"line":173,"column":16},"end":{"line":200,"column":null}}},"7":{"name":"(anonymous_28)","decl":{"start":{"line":190,"column":33},"end":{"line":190,"column":34}},"loc":{"start":{"line":190,"column":34},"end":{"line":190,"column":51}}},"8":{"name":"(anonymous_29)","decl":{"start":{"line":196,"column":40},"end":{"line":196,"column":41}},"loc":{"start":{"line":196,"column":41},"end":{"line":196,"column":58}}},"9":{"name":"(anonymous_30)","decl":{"start":{"line":208,"column":4},"end":{"line":208,"column":17}},"loc":{"start":{"line":214,"column":19},"end":{"line":228,"column":null}}},"10":{"name":"(anonymous_33)","decl":{"start":{"line":236,"column":4},"end":{"line":236,"column":17}},"loc":{"start":{"line":238,"column":16},"end":{"line":255,"column":null}}},"11":{"name":"(anonymous_36)","decl":{"start":{"line":252,"column":36},"end":{"line":252,"column":37}},"loc":{"start":{"line":252,"column":43},"end":{"line":252,"column":61}}},"12":{"name":"(anonymous_37)","decl":{"start":{"line":264,"column":4},"end":{"line":264,"column":17}},"loc":{"start":{"line":267,"column":19},"end":{"line":286,"column":null}}},"13":{"name":"(anonymous_40)","decl":{"start":{"line":284,"column":29},"end":{"line":284,"column":30}},"loc":{"start":{"line":284,"column":36},"end":{"line":284,"column":54}}},"14":{"name":"(anonymous_41)","decl":{"start":{"line":292,"column":4},"end":{"line":292,"column":17}},"loc":{"start":{"line":294,"column":5},"end":{"line":299,"column":null}}},"15":{"name":"(anonymous_44)","decl":{"start":{"line":307,"column":4},"end":{"line":307,"column":17}},"loc":{"start":{"line":309,"column":16},"end":{"line":322,"column":null}}},"16":{"name":"(anonymous_47)","decl":{"start":{"line":319,"column":38},"end":{"line":319,"column":39}},"loc":{"start":{"line":319,"column":45},"end":{"line":319,"column":69}}},"17":{"name":"(anonymous_48)","decl":{"start":{"line":329,"column":4},"end":{"line":329,"column":17}},"loc":{"start":{"line":329,"column":56},"end":{"line":336,"column":null}}},"18":{"name":"(anonymous_51)","decl":{"start":{"line":345,"column":4},"end":{"line":345,"column":17}},"loc":{"start":{"line":345,"column":76},"end":{"line":359,"column":null}}},"19":{"name":"(anonymous_54)","decl":{"start":{"line":368,"column":4},"end":{"line":368,"column":17}},"loc":{"start":{"line":368,"column":74},"end":{"line":374,"column":null}}},"20":{"name":"(anonymous_57)","decl":{"start":{"line":381,"column":4},"end":{"line":381,"column":18}},"loc":{"start":{"line":381,"column":64},"end":{"line":397,"column":null}}},"21":{"name":"(anonymous_60)","decl":{"start":{"line":396,"column":47},"end":{"line":396,"column":53}},"loc":{"start":{"line":396,"column":56},"end":{"line":396,"column":89}}},"22":{"name":"(anonymous_61)","decl":{"start":{"line":396,"column":56},"end":{"line":396,"column":60}},"loc":{"start":{"line":396,"column":56},"end":{"line":396,"column":89}}},"23":{"name":"(anonymous_63)","decl":{"start":{"line":399,"column":4},"end":{"line":399,"column":18}},"loc":{"start":{"line":399,"column":55},"end":{"line":441,"column":null}}},"24":{"name":"_throwOrContinue","decl":{"start":{"line":444,"column":0},"end":{"line":444,"column":26}},"loc":{"start":{"line":444,"column":55},"end":{"line":452,"column":1}}}},"branchMap":{"0":{"loc":{"start":{"line":73,"column":12},"end":{"line":76,"column":21}},"type":"switch","locations":[{"start":{"line":73,"column":12},"end":{"line":76,"column":21}},{"start":{"line":77,"column":12},"end":{"line":77,"column":30}},{"start":{"line":78,"column":12},"end":{"line":81,"column":21}}]},"1":{"loc":{"start":{"line":74,"column":34},"end":{"line":74,"column":51}},"type":"binary-expr","locations":[{"start":{"line":74,"column":34},"end":{"line":74,"column":51}},{"start":{"line":74,"column":55},"end":{"line":74,"column":71}}]},"2":{"loc":{"start":{"line":79,"column":34},"end":{"line":79,"column":51}},"type":"binary-expr","locations":[{"start":{"line":79,"column":34},"end":{"line":79,"column":51}},{"start":{"line":79,"column":55},"end":{"line":79,"column":71}}]},"3":{"loc":{"start":{"line":85,"column":22},"end":{"line":85,"column":28}},"type":"binary-expr","locations":[{"start":{"line":85,"column":22},"end":{"line":85,"column":28}},{"start":{"line":85,"column":33},"end":{"line":85,"column":53}}]},"4":{"loc":{"start":{"line":95,"column":45},"end":{"line":95,"column":null}},"type":"if","locations":[{"start":{"line":95,"column":45},"end":{"line":95,"column":null}},{"start":{"line":95,"column":45},"end":{"line":95,"column":null}}]},"5":{"loc":{"start":{"line":107,"column":8},"end":{"line":107,"column":null}},"type":"switch","locations":[{"start":{"line":107,"column":8},"end":{"line":107,"column":null}}]},"6":{"loc":{"start":{"line":147,"column":21},"end":{"line":147,"column":null}},"type":"switch","locations":[{"start":{"line":147,"column":21},"end":{"line":147,"column":null}}]},"7":{"loc":{"start":{"line":150,"column":8},"end":{"line":156,"column":null}},"type":"if","locations":[{"start":{"line":150,"column":8},"end":{"line":156,"column":null}},{"start":{"line":150,"column":8},"end":{"line":156,"column":null}}]},"8":{"loc":{"start":{"line":157,"column":8},"end":{"line":159,"column":null}},"type":"if","locations":[{"start":{"line":157,"column":8},"end":{"line":159,"column":null}},{"start":{"line":157,"column":8},"end":{"line":159,"column":null}}]},"9":{"loc":{"start":{"line":172,"column":8},"end":{"line":172,"column":null}},"type":"if","locations":[{"start":{"line":172,"column":8},"end":{"line":172,"column":null}},{"start":{"line":172,"column":8},"end":{"line":172,"column":null}}]},"10":{"loc":{"start":{"line":173,"column":8},"end":{"line":173,"column":null}},"type":"if","locations":[{"start":{"line":173,"column":8},"end":{"line":173,"column":null}},{"start":{"line":173,"column":8},"end":{"line":173,"column":null}}]},"11":{"loc":{"start":{"line":185,"column":21},"end":{"line":185,"column":null}},"type":"switch","locations":[{"start":{"line":185,"column":21},"end":{"line":185,"column":null}}]},"12":{"loc":{"start":{"line":187,"column":8},"end":{"line":199,"column":null}},"type":"if","locations":[{"start":{"line":187,"column":8},"end":{"line":199,"column":null}},{"start":{"line":187,"column":8},"end":{"line":199,"column":null}}]},"13":{"loc":{"start":{"line":214,"column":8},"end":{"line":214,"column":null}},"type":"if","locations":[{"start":{"line":214,"column":8},"end":{"line":214,"column":null}},{"start":{"line":214,"column":8},"end":{"line":214,"column":null}}]},"14":{"loc":{"start":{"line":227,"column":8},"end":{"line":227,"column":null}},"type":"switch","locations":[{"start":{"line":227,"column":8},"end":{"line":227,"column":null}}]},"15":{"loc":{"start":{"line":237,"column":8},"end":{"line":237,"column":null}},"type":"if","locations":[{"start":{"line":237,"column":8},"end":{"line":237,"column":null}},{"start":{"line":237,"column":8},"end":{"line":237,"column":null}}]},"16":{"loc":{"start":{"line":238,"column":8},"end":{"line":238,"column":null}},"type":"if","locations":[{"start":{"line":238,"column":8},"end":{"line":238,"column":null}},{"start":{"line":238,"column":8},"end":{"line":238,"column":null}}]},"17":{"loc":{"start":{"line":250,"column":21},"end":{"line":250,"column":null}},"type":"switch","locations":[{"start":{"line":250,"column":21},"end":{"line":250,"column":null}}]},"18":{"loc":{"start":{"line":265,"column":8},"end":{"line":265,"column":null}},"type":"if","locations":[{"start":{"line":265,"column":8},"end":{"line":265,"column":null}},{"start":{"line":265,"column":8},"end":{"line":265,"column":null}}]},"19":{"loc":{"start":{"line":266,"column":8},"end":{"line":266,"column":null}},"type":"if","locations":[{"start":{"line":266,"column":8},"end":{"line":266,"column":null}},{"start":{"line":266,"column":8},"end":{"line":266,"column":null}}]},"20":{"loc":{"start":{"line":267,"column":8},"end":{"line":267,"column":null}},"type":"if","locations":[{"start":{"line":267,"column":8},"end":{"line":267,"column":null}},{"start":{"line":267,"column":8},"end":{"line":267,"column":null}}]},"21":{"loc":{"start":{"line":283,"column":8},"end":{"line":285,"column":null}},"type":"switch","locations":[{"start":{"line":283,"column":8},"end":{"line":285,"column":null}}]},"22":{"loc":{"start":{"line":296,"column":21},"end":{"line":296,"column":null}},"type":"switch","locations":[{"start":{"line":296,"column":21},"end":{"line":296,"column":null}}]},"23":{"loc":{"start":{"line":298,"column":22},"end":{"line":298,"column":47}},"type":"cond-expr","locations":[{"start":{"line":298,"column":22},"end":{"line":298,"column":47}},{"start":{"line":298,"column":50},"end":{"line":298,"column":54}}]},"24":{"loc":{"start":{"line":308,"column":8},"end":{"line":308,"column":null}},"type":"if","locations":[{"start":{"line":308,"column":8},"end":{"line":308,"column":null}},{"start":{"line":308,"column":8},"end":{"line":308,"column":null}}]},"25":{"loc":{"start":{"line":309,"column":8},"end":{"line":309,"column":null}},"type":"if","locations":[{"start":{"line":309,"column":8},"end":{"line":309,"column":null}},{"start":{"line":309,"column":8},"end":{"line":309,"column":null}}]},"26":{"loc":{"start":{"line":312,"column":21},"end":{"line":316,"column":null}},"type":"switch","locations":[{"start":{"line":312,"column":21},"end":{"line":316,"column":null}}]},"27":{"loc":{"start":{"line":329,"column":38},"end":{"line":329,"column":null}},"type":"if","locations":[{"start":{"line":329,"column":38},"end":{"line":329,"column":null}},{"start":{"line":329,"column":38},"end":{"line":329,"column":null}}]},"28":{"loc":{"start":{"line":345,"column":54},"end":{"line":345,"column":null}},"type":"if","locations":[{"start":{"line":345,"column":54},"end":{"line":345,"column":null}},{"start":{"line":345,"column":54},"end":{"line":345,"column":null}}]},"29":{"loc":{"start":{"line":349,"column":25},"end":{"line":349,"column":45}},"type":"cond-expr","locations":[{"start":{"line":349,"column":25},"end":{"line":349,"column":45}},{"start":{"line":349,"column":48},"end":{"line":349,"column":57}}]},"30":{"loc":{"start":{"line":368,"column":52},"end":{"line":368,"column":null}},"type":"if","locations":[{"start":{"line":368,"column":52},"end":{"line":368,"column":null}},{"start":{"line":368,"column":52},"end":{"line":368,"column":null}}]},"31":{"loc":{"start":{"line":381,"column":42},"end":{"line":381,"column":null}},"type":"if","locations":[{"start":{"line":381,"column":42},"end":{"line":381,"column":null}},{"start":{"line":381,"column":42},"end":{"line":381,"column":null}}]},"32":{"loc":{"start":{"line":389,"column":29},"end":{"line":389,"column":52}},"type":"cond-expr","locations":[{"start":{"line":389,"column":29},"end":{"line":389,"column":52}},{"start":{"line":389,"column":55},"end":{"line":389,"column":57}}]},"33":{"loc":{"start":{"line":390,"column":20},"end":{"line":390,"column":32}},"type":"binary-expr","locations":[{"start":{"line":390,"column":20},"end":{"line":390,"column":32}},{"start":{"line":390,"column":36},"end":{"line":390,"column":38}}]},"34":{"loc":{"start":{"line":400,"column":8},"end":{"line":403,"column":null}},"type":"if","locations":[{"start":{"line":400,"column":8},"end":{"line":403,"column":null}},{"start":{"line":400,"column":8},"end":{"line":403,"column":null}}]},"35":{"loc":{"start":{"line":417,"column":12},"end":{"line":421,"column":21}},"type":"switch","locations":[{"start":{"line":417,"column":12},"end":{"line":421,"column":21}},{"start":{"line":422,"column":12},"end":{"line":422,"column":21}},{"start":{"line":423,"column":12},"end":{"line":425,"column":21}},{"start":{"line":426,"column":12},"end":{"line":428,"column":21}},{"start":{"line":429,"column":12},"end":{"line":431,"column":21}},{"start":{"line":432,"column":12},"end":{"line":434,"column":21}},{"start":{"line":435,"column":12},"end":{"line":437,"column":21}}]},"36":{"loc":{"start":{"line":419,"column":22},"end":{"line":419,"column":46}},"type":"cond-expr","locations":[{"start":{"line":419,"column":22},"end":{"line":419,"column":46}},{"start":{"line":420,"column":22},"end":{"line":420,"column":66}}]},"37":{"loc":{"start":{"line":418,"column":31},"end":{"line":418,"column":37}},"type":"binary-expr","locations":[{"start":{"line":418,"column":31},"end":{"line":418,"column":37}},{"start":{"line":418,"column":41},"end":{"line":418,"column":54}}]},"38":{"loc":{"start":{"line":445,"column":26},"end":{"line":445,"column":41}},"type":"binary-expr","locations":[{"start":{"line":445,"column":26},"end":{"line":445,"column":41}},{"start":{"line":446,"column":8},"end":{"line":446,"column":37}},{"start":{"line":447,"column":8},"end":{"line":447,"column":37}}]},"39":{"loc":{"start":{"line":449,"column":4},"end":{"line":451,"column":null}},"type":"if","locations":[{"start":{"line":449,"column":4},"end":{"line":451,"column":null}},{"start":{"line":449,"column":4},"end":{"line":451,"column":null}}]},"40":{"loc":{"start":{"line":449,"column":8},"end":{"line":449,"column":20}},"type":"binary-expr","locations":[{"start":{"line":449,"column":8},"end":{"line":449,"column":20}},{"start":{"line":449,"column":24},"end":{"line":449,"column":38}}]}},"s":{"0":1,"1":1,"2":1,"3":1,"4":1,"5":1,"6":1,"7":1,"8":1,"9":1,"10":3,"11":3,"12":3,"13":3,"14":1,"15":1,"16":1,"17":2,"18":2,"19":2,"20":3,"21":0,"22":1,"23":0,"24":0,"25":0,"26":0,"27":0,"28":0,"29":0,"30":0,"31":1,"32":0,"33":0,"34":1,"35":0,"36":0,"37":0,"38":0,"39":0,"40":0,"41":0,"42":0,"43":0,"44":0,"45":1,"46":0,"47":0,"48":0,"49":0,"50":0,"51":0,"52":0,"53":0,"54":0,"55":0,"56":0,"57":1,"58":1,"59":1,"60":2,"61":1,"62":0,"63":1,"64":0,"65":0,"66":0,"67":1,"68":0,"69":0,"70":0,"71":0,"72":0,"73":0,"74":1,"75":0,"76":0,"77":0,"78":0,"79":0,"80":0,"81":0,"82":0,"83":0,"84":0,"85":1,"86":0,"87":0,"88":0,"89":0,"90":1,"91":0,"92":0,"93":0,"94":0,"95":0,"96":0,"97":1,"98":0,"99":0,"100":0,"101":0,"102":0,"103":0,"104":1,"105":0,"106":0,"107":0,"108":0,"109":0,"110":1,"111":0,"112":0,"113":1,"114":0,"115":0,"116":0,"117":0,"118":0,"119":0,"120":0,"121":0,"122":0,"123":1,"124":0,"125":0,"126":0,"127":0,"128":0,"129":0,"130":0,"131":0,"132":0,"133":0,"134":0,"135":0,"136":0,"137":0,"138":0,"139":0,"140":0,"141":0,"142":0,"143":0,"144":0,"145":1,"146":1,"147":1,"148":1,"149":1},"f":{"0":1,"1":3,"2":0,"3":0,"4":0,"5":0,"6":0,"7":0,"8":0,"9":1,"10":0,"11":0,"12":0,"13":0,"14":0,"15":0,"16":0,"17":0,"18":0,"19":0,"20":0,"21":0,"22":0,"23":0,"24":1},"b":{"0":[1,2,2],"1":[1,1],"2":[2,2],"3":[3,1],"4":[0,0],"5":[0],"6":[0],"7":[0,0],"8":[0,0],"9":[0,0],"10":[0,0],"11":[0],"12":[0,0],"13":[1,0],"14":[0],"15":[0,0],"16":[0,0],"17":[0],"18":[0,0],"19":[0,0],"20":[0,0],"21":[0],"22":[0],"23":[0,0],"24":[0,0],"25":[0,0],"26":[0],"27":[0,0],"28":[0,0],"29":[0,0],"30":[0,0],"31":[0,0],"32":[0,0],"33":[0,0],"34":[0,0],"35":[0,0,0,0,0,0,0],"36":[0,0],"37":[0,0],"38":[1,1,1],"39":[1,0],"40":[1,1]}}
,"/Users/lisheng/mygit/vlbos/pacific-js/src/constants.ts": {"path":"/Users/lisheng/mygit/vlbos/pacific-js/src/constants.ts","statementMap":{"0":{"start":{"line":1,"column":0},"end":{"line":1,"column":59}},"1":{"start":{"line":4,"column":13},"end":{"line":4,"column":null}},"2":{"start":{"line":5,"column":13},"end":{"line":5,"column":null}},"3":{"start":{"line":6,"column":13},"end":{"line":6,"column":null}},"4":{"start":{"line":7,"column":13},"end":{"line":7,"column":null}},"5":{"start":{"line":8,"column":13},"end":{"line":8,"column":null}},"6":{"start":{"line":9,"column":13},"end":{"line":9,"column":null}},"7":{"start":{"line":10,"column":13},"end":{"line":10,"column":null}},"8":{"start":{"line":11,"column":13},"end":{"line":11,"column":null}},"9":{"start":{"line":12,"column":13},"end":{"line":12,"column":null}},"10":{"start":{"line":13,"column":13},"end":{"line":13,"column":null}},"11":{"start":{"line":14,"column":13},"end":{"line":14,"column":null}},"12":{"start":{"line":15,"column":13},"end":{"line":15,"column":null}},"13":{"start":{"line":16,"column":13},"end":{"line":16,"column":null}},"14":{"start":{"line":17,"column":13},"end":{"line":17,"column":null}},"15":{"start":{"line":18,"column":13},"end":{"line":18,"column":null}},"16":{"start":{"line":19,"column":13},"end":{"line":19,"column":null}},"17":{"start":{"line":20,"column":13},"end":{"line":20,"column":null}},"18":{"start":{"line":21,"column":13},"end":{"line":21,"column":null}},"19":{"start":{"line":22,"column":13},"end":{"line":22,"column":null}},"20":{"start":{"line":23,"column":13},"end":{"line":23,"column":null}},"21":{"start":{"line":24,"column":13},"end":{"line":24,"column":null}},"22":{"start":{"line":25,"column":13},"end":{"line":25,"column":null}},"23":{"start":{"line":26,"column":13},"end":{"line":26,"column":null}},"24":{"start":{"line":27,"column":13},"end":{"line":27,"column":null}},"25":{"start":{"line":28,"column":13},"end":{"line":28,"column":73}},"26":{"start":{"line":29,"column":13},"end":{"line":29,"column":null}},"27":{"start":{"line":30,"column":13},"end":{"line":30,"column":84}},"28":{"start":{"line":31,"column":13},"end":{"line":31,"column":null}},"29":{"start":{"line":32,"column":13},"end":{"line":32,"column":null}},"30":{"start":{"line":33,"column":13},"end":{"line":33,"column":null}},"31":{"start":{"line":34,"column":13},"end":{"line":34,"column":null}},"32":{"start":{"line":35,"column":13},"end":{"line":35,"column":79}},"33":{"start":{"line":36,"column":13},"end":{"line":36,"column":null}},"34":{"start":{"line":37,"column":13},"end":{"line":37,"column":null}},"35":{"start":{"line":38,"column":13},"end":{"line":38,"column":null}},"36":{"start":{"line":39,"column":13},"end":{"line":39,"column":null}},"37":{"start":{"line":40,"column":13},"end":{"line":40,"column":null}},"38":{"start":{"line":41,"column":13},"end":{"line":41,"column":null}},"39":{"start":{"line":42,"column":13},"end":{"line":42,"column":null}},"40":{"start":{"line":43,"column":13},"end":{"line":43,"column":null}},"41":{"start":{"line":44,"column":13},"end":{"line":44,"column":null}},"42":{"start":{"line":45,"column":13},"end":{"line":45,"column":null}},"43":{"start":{"line":46,"column":13},"end":{"line":46,"column":null}},"44":{"start":{"line":47,"column":13},"end":{"line":47,"column":null}},"45":{"start":{"line":48,"column":13},"end":{"line":48,"column":null}},"46":{"start":{"line":49,"column":13},"end":{"line":49,"column":null}},"47":{"start":{"line":50,"column":13},"end":{"line":50,"column":null}},"48":{"start":{"line":51,"column":13},"end":{"line":51,"column":null}},"49":{"start":{"line":52,"column":13},"end":{"line":52,"column":null}}},"fnMap":{},"branchMap":{},"s":{"0":1,"1":1,"2":1,"3":1,"4":1,"5":1,"6":1,"7":1,"8":1,"9":1,"10":1,"11":1,"12":1,"13":1,"14":1,"15":1,"16":1,"17":1,"18":1,"19":1,"20":1,"21":1,"22":1,"23":1,"24":1,"25":1,"26":1,"27":1,"28":1,"29":1,"30":1,"31":1,"32":1,"33":1,"34":1,"35":1,"36":1,"37":1,"38":1,"39":1,"40":1,"41":1,"42":1,"43":1,"44":1,"45":1,"46":1,"47":1,"48":1,"49":1},"f":{},"b":{}}
,"/Users/lisheng/mygit/vlbos/pacific-js/src/debugging.ts": {"path":"/Users/lisheng/mygit/vlbos/pacific-js/src/debugging.ts","statementMap":{"0":{"start":{"line":5,"column":0},"end":{"line":5,"column":42}},"1":{"start":{"line":7,"column":13},"end":{"line":7,"column":null}},"2":{"start":{"line":13,"column":0},"end":{"line":13,"column":12}},"3":{"start":{"line":13,"column":12},"end":{"line":13,"column":17}},"4":{"start":{"line":13,"column":17},"end":{"line":13,"column":22}},"5":{"start":{"line":15,"column":0},"end":{"line":15,"column":16}},"6":{"start":{"line":15,"column":16},"end":{"line":15,"column":28}},"7":{"start":{"line":15,"column":28},"end":{"line":15,"column":41}},"8":{"start":{"line":17,"column":26},"end":{"line":29,"column":null}},"9":{"start":{"line":22,"column":8},"end":{"line":22,"column":null}},"10":{"start":{"line":26,"column":20},"end":{"line":26,"column":49}},"11":{"start":{"line":27,"column":8},"end":{"line":27,"column":null}},"12":{"start":{"line":38,"column":5},"end":{"line":38,"column":8}},"13":{"start":{"line":38,"column":10},"end":{"line":38,"column":14}},"14":{"start":{"line":38,"column":16},"end":{"line":38,"column":30}},"15":{"start":{"line":41,"column":19},"end":{"line":52,"column":null}},"16":{"start":{"line":41,"column":10},"end":{"line":52,"column":null}},"17":{"start":{"line":54,"column":4},"end":{"line":56,"column":null}},"18":{"start":{"line":55,"column":8},"end":{"line":55,"column":14}},"19":{"start":{"line":58,"column":4},"end":{"line":60,"column":null}},"20":{"start":{"line":59,"column":8},"end":{"line":59,"column":null}},"21":{"start":{"line":62,"column":4},"end":{"line":64,"column":null}},"22":{"start":{"line":63,"column":8},"end":{"line":63,"column":null}},"23":{"start":{"line":66,"column":4},"end":{"line":68,"column":null}},"24":{"start":{"line":67,"column":8},"end":{"line":67,"column":null}},"25":{"start":{"line":70,"column":4},"end":{"line":72,"column":null}},"26":{"start":{"line":71,"column":8},"end":{"line":71,"column":null}},"27":{"start":{"line":74,"column":4},"end":{"line":76,"column":null}},"28":{"start":{"line":75,"column":8},"end":{"line":75,"column":null}},"29":{"start":{"line":78,"column":4},"end":{"line":80,"column":null}},"30":{"start":{"line":79,"column":8},"end":{"line":79,"column":null}},"31":{"start":{"line":82,"column":4},"end":{"line":84,"column":null}},"32":{"start":{"line":83,"column":8},"end":{"line":83,"column":null}},"33":{"start":{"line":86,"column":4},"end":{"line":88,"column":null}},"34":{"start":{"line":87,"column":8},"end":{"line":87,"column":null}},"35":{"start":{"line":90,"column":4},"end":{"line":92,"column":null}},"36":{"start":{"line":91,"column":8},"end":{"line":91,"column":null}},"37":{"start":{"line":94,"column":4},"end":{"line":96,"column":null}},"38":{"start":{"line":95,"column":8},"end":{"line":95,"column":null}},"39":{"start":{"line":99,"column":4},"end":{"line":99,"column":null}},"40":{"start":{"line":36,"column":0},"end":{"line":36,"column":null}},"41":{"start":{"line":109,"column":5},"end":{"line":109,"column":8}},"42":{"start":{"line":109,"column":10},"end":{"line":109,"column":14}},"43":{"start":{"line":112,"column":10},"end":{"line":112,"column":156}},"44":{"start":{"line":113,"column":4},"end":{"line":115,"column":null}},"45":{"start":{"line":114,"column":8},"end":{"line":114,"column":14}},"46":{"start":{"line":116,"column":4},"end":{"line":116,"column":null}},"47":{"start":{"line":107,"column":0},"end":{"line":107,"column":null}}},"fnMap":{"0":{"name":"(anonymous_12)","decl":{"start":{"line":13,"column":0},"end":{"line":13,"column":5}},"loc":{"start":{"line":13,"column":9},"end":{"line":13,"column":23}}},"1":{"name":"(anonymous_13)","decl":{"start":{"line":15,"column":0},"end":{"line":15,"column":5}},"loc":{"start":{"line":15,"column":13},"end":{"line":15,"column":42}}},"2":{"name":"(anonymous_14)","decl":{"start":{"line":21,"column":4},"end":{"line":21,"column":22}},"loc":{"start":{"line":21,"column":65},"end":{"line":23,"column":5}}},"3":{"name":"(anonymous_15)","decl":{"start":{"line":25,"column":4},"end":{"line":25,"column":18}},"loc":{"start":{"line":25,"column":62},"end":{"line":28,"column":5}}},"4":{"name":"requireOrdersCanMatch","decl":{"start":{"line":36,"column":0},"end":{"line":36,"column":null}},"loc":{"start":{"line":39,"column":59},"end":{"line":100,"column":null}}},"5":{"name":"requireOrderCalldataCanMatch","decl":{"start":{"line":107,"column":0},"end":{"line":107,"column":null}},"loc":{"start":{"line":110,"column":35},"end":{"line":117,"column":null}}}},"branchMap":{"0":{"loc":{"start":{"line":13,"column":5},"end":{"line":13,"column":9}},"type":"binary-expr","locations":[{"start":{"line":13,"column":5},"end":{"line":13,"column":9}},{"start":{"line":13,"column":5},"end":{"line":13,"column":12}}]},"1":{"loc":{"start":{"line":15,"column":5},"end":{"line":15,"column":13}},"type":"binary-expr","locations":[{"start":{"line":15,"column":5},"end":{"line":15,"column":13}},{"start":{"line":15,"column":5},"end":{"line":15,"column":16}}]},"2":{"loc":{"start":{"line":22,"column":16},"end":{"line":22,"column":48}},"type":"binary-expr","locations":[{"start":{"line":22,"column":16},"end":{"line":22,"column":48}},{"start":{"line":22,"column":52},"end":{"line":22,"column":70}}]},"3":{"loc":{"start":{"line":27,"column":16},"end":{"line":27,"column":33}},"type":"binary-expr","locations":[{"start":{"line":27,"column":16},"end":{"line":27,"column":33}},{"start":{"line":27,"column":39},"end":{"line":27,"column":59}},{"start":{"line":27,"column":63},"end":{"line":27,"column":83}}]},"4":{"loc":{"start":{"line":41,"column":19},"end":{"line":52,"column":null}},"type":"switch","locations":[{"start":{"line":41,"column":19},"end":{"line":52,"column":null}}]},"5":{"loc":{"start":{"line":54,"column":4},"end":{"line":56,"column":null}},"type":"if","locations":[{"start":{"line":54,"column":4},"end":{"line":56,"column":null}},{"start":{"line":54,"column":4},"end":{"line":56,"column":null}}]},"6":{"loc":{"start":{"line":58,"column":4},"end":{"line":60,"column":null}},"type":"if","locations":[{"start":{"line":58,"column":4},"end":{"line":60,"column":null}},{"start":{"line":58,"column":4},"end":{"line":60,"column":null}}]},"7":{"loc":{"start":{"line":58,"column":10},"end":{"line":58,"column":50}},"type":"binary-expr","locations":[{"start":{"line":58,"column":10},"end":{"line":58,"column":50}},{"start":{"line":58,"column":54},"end":{"line":58,"column":96}}]},"8":{"loc":{"start":{"line":62,"column":4},"end":{"line":64,"column":null}},"type":"if","locations":[{"start":{"line":62,"column":4},"end":{"line":64,"column":null}},{"start":{"line":62,"column":4},"end":{"line":64,"column":null}}]},"9":{"loc":{"start":{"line":66,"column":4},"end":{"line":68,"column":null}},"type":"if","locations":[{"start":{"line":66,"column":4},"end":{"line":68,"column":null}},{"start":{"line":66,"column":4},"end":{"line":68,"column":null}}]},"10":{"loc":{"start":{"line":70,"column":4},"end":{"line":72,"column":null}},"type":"if","locations":[{"start":{"line":70,"column":4},"end":{"line":72,"column":null}},{"start":{"line":70,"column":4},"end":{"line":72,"column":null}}]},"11":{"loc":{"start":{"line":70,"column":10},"end":{"line":70,"column":36}},"type":"binary-expr","locations":[{"start":{"line":70,"column":10},"end":{"line":70,"column":36}},{"start":{"line":70,"column":40},"end":{"line":70,"column":63}}]},"12":{"loc":{"start":{"line":74,"column":4},"end":{"line":76,"column":null}},"type":"if","locations":[{"start":{"line":74,"column":4},"end":{"line":76,"column":null}},{"start":{"line":74,"column":4},"end":{"line":76,"column":null}}]},"13":{"loc":{"start":{"line":74,"column":10},"end":{"line":74,"column":35}},"type":"binary-expr","locations":[{"start":{"line":74,"column":10},"end":{"line":74,"column":35}},{"start":{"line":74,"column":39},"end":{"line":74,"column":62}}]},"14":{"loc":{"start":{"line":78,"column":4},"end":{"line":80,"column":null}},"type":"if","locations":[{"start":{"line":78,"column":4},"end":{"line":80,"column":null}},{"start":{"line":78,"column":4},"end":{"line":80,"column":null}}]},"15":{"loc":{"start":{"line":78,"column":11},"end":{"line":78,"column":44}},"type":"binary-expr","locations":[{"start":{"line":78,"column":11},"end":{"line":78,"column":44}},{"start":{"line":78,"column":48},"end":{"line":78,"column":80}},{"start":{"line":78,"column":86},"end":{"line":78,"column":119}},{"start":{"line":78,"column":123},"end":{"line":78,"column":155}}]},"16":{"loc":{"start":{"line":82,"column":4},"end":{"line":84,"column":null}},"type":"if","locations":[{"start":{"line":82,"column":4},"end":{"line":84,"column":null}},{"start":{"line":82,"column":4},"end":{"line":84,"column":null}}]},"17":{"loc":{"start":{"line":86,"column":4},"end":{"line":88,"column":null}},"type":"if","locations":[{"start":{"line":86,"column":4},"end":{"line":88,"column":null}},{"start":{"line":86,"column":4},"end":{"line":88,"column":null}}]},"18":{"loc":{"start":{"line":90,"column":4},"end":{"line":92,"column":null}},"type":"if","locations":[{"start":{"line":90,"column":4},"end":{"line":92,"column":null}},{"start":{"line":90,"column":4},"end":{"line":92,"column":null}}]},"19":{"loc":{"start":{"line":94,"column":4},"end":{"line":96,"column":null}},"type":"if","locations":[{"start":{"line":94,"column":4},"end":{"line":96,"column":null}},{"start":{"line":94,"column":4},"end":{"line":96,"column":null}}]},"20":{"loc":{"start":{"line":113,"column":4},"end":{"line":115,"column":null}},"type":"if","locations":[{"start":{"line":113,"column":4},"end":{"line":115,"column":null}},{"start":{"line":113,"column":4},"end":{"line":115,"column":null}}]}},"s":{"0":1,"1":1,"2":1,"3":1,"4":1,"5":1,"6":1,"7":1,"8":1,"9":0,"10":0,"11":0,"12":0,"13":0,"14":0,"15":0,"16":0,"17":0,"18":0,"19":0,"20":0,"21":0,"22":0,"23":0,"24":0,"25":0,"26":0,"27":0,"28":0,"29":0,"30":0,"31":0,"32":0,"33":0,"34":0,"35":0,"36":0,"37":0,"38":0,"39":0,"40":1,"41":0,"42":0,"43":0,"44":0,"45":0,"46":0,"47":1},"f":{"0":1,"1":1,"2":0,"3":0,"4":0,"5":0},"b":{"0":[1,1],"1":[1,1],"2":[0,0],"3":[0,0,0],"4":[0],"5":[0,0],"6":[0,0],"7":[0,0],"8":[0,0],"9":[0,0],"10":[0,0],"11":[0,0],"12":[0,0],"13":[0,0],"14":[0,0],"15":[0,0,0,0],"16":[0,0],"17":[0,0],"18":[0,0],"19":[0,0],"20":[0,0]}}
,"/Users/lisheng/mygit/vlbos/pacific-js/src/index.ts": {"path":"/Users/lisheng/mygit/vlbos/pacific-js/src/index.ts","statementMap":{"0":{"start":{"line":1,"column":0},"end":{"line":1,"column":9}},"1":{"start":{"line":25,"column":2},"end":{"line":1,"column":39}},"2":{"start":{"line":2,"column":0},"end":{"line":2,"column":9}},"3":{"start":{"line":27,"column":2},"end":{"line":2,"column":34}},"4":{"start":{"line":3,"column":0},"end":{"line":3,"column":9}},"5":{"start":{"line":32,"column":24},"end":{"line":3,"column":29}},"6":{"start":{"line":32,"column":13},"end":{"line":3,"column":55}},"7":{"start":{"line":4,"column":0},"end":{"line":4,"column":9}},"8":{"start":{"line":4,"column":9},"end":{"line":4,"column":22}},"9":{"start":{"line":4,"column":22},"end":{"line":4,"column":37}},"10":{"start":{"line":4,"column":37},"end":{"line":4,"column":74}}},"fnMap":{},"branchMap":{},"s":{"0":1,"1":1,"2":1,"3":1,"4":1,"5":1,"6":1,"7":1,"8":1,"9":1,"10":1},"f":{},"b":{}}
,"/Users/lisheng/mygit/vlbos/pacific-js/src/seaport.ts": {"path":"/Users/lisheng/mygit/vlbos/pacific-js/src/seaport.ts","statementMap":{"0":{"start":{"line":2,"column":0},"end":{"line":2,"column":64}},"1":{"start":{"line":5,"column":0},"end":{"line":5,"column":66}},"2":{"start":{"line":7,"column":0},"end":{"line":7,"column":40}},"3":{"start":{"line":8,"column":0},"end":{"line":8,"column":38}},"4":{"start":{"line":9,"column":9},"end":{"line":9,"column":23}},"5":{"start":{"line":12,"column":0},"end":{"line":12,"column":59}},"6":{"start":{"line":13,"column":0},"end":{"line":13,"column":59}},"7":{"start":{"line":15,"column":0},"end":{"line":15,"column":27}},"8":{"start":{"line":16,"column":0},"end":{"line":16,"column":34}},"9":{"start":{"line":23,"column":0},"end":{"line":23,"column":null}},"10":{"start":{"line":30,"column":0},"end":{"line":30,"column":null}},"11":{"start":{"line":46,"column":0},"end":{"line":46,"column":null}},"12":{"start":{"line":51,"column":0},"end":{"line":51,"column":40}},"13":{"start":{"line":52,"column":0},"end":{"line":52,"column":59}},"14":{"start":{"line":54,"column":40},"end":{"line":54,"column":52}},"15":{"start":{"line":55,"column":0},"end":{"line":55,"column":null}},"16":{"start":{"line":87,"column":32},"end":{"line":87,"column":34}},"17":{"start":{"line":88,"column":34},"end":{"line":88,"column":36}},"18":{"start":{"line":89,"column":0},"end":{"line":89,"column":13}},"19":{"start":{"line":120,"column":38},"end":{"line":120,"column":72}},"20":{"start":{"line":99,"column":11},"end":{"line":99,"column":null}},"21":{"start":{"line":101,"column":11},"end":{"line":101,"column":null}},"22":{"start":{"line":123,"column":8},"end":{"line":123,"column":null}},"23":{"start":{"line":124,"column":8},"end":{"line":124,"column":null}},"24":{"start":{"line":125,"column":8},"end":{"line":125,"column":null}},"25":{"start":{"line":128,"column":8},"end":{"line":128,"column":null}},"26":{"start":{"line":134,"column":33},"end":{"line":134,"column":41}},"27":{"start":{"line":136,"column":8},"end":{"line":136,"column":null}},"28":{"start":{"line":137,"column":8},"end":{"line":137,"column":null}},"29":{"start":{"line":138,"column":8},"end":{"line":138,"column":null}},"30":{"start":{"line":150,"column":8},"end":{"line":150,"column":null}},"31":{"start":{"line":153,"column":8},"end":{"line":153,"column":null}},"32":{"start":{"line":153,"column":50},"end":{"line":153,"column":54}},"33":{"start":{"line":155,"column":11},"end":{"line":159,"column":null}},"34":{"start":{"line":157,"column":8},"end":{"line":157,"column":44}},"35":{"start":{"line":158,"column":8},"end":{"line":158,"column":null}},"36":{"start":{"line":161,"column":11},"end":{"line":165,"column":null}},"37":{"start":{"line":163,"column":8},"end":{"line":163,"column":61}},"38":{"start":{"line":164,"column":8},"end":{"line":164,"column":44}},"39":{"start":{"line":172,"column":11},"end":{"line":177,"column":null}},"40":{"start":{"line":172,"column":78},"end":{"line":172,"column":null}},"41":{"start":{"line":173,"column":29},"end":{"line":175,"column":56}},"42":{"start":{"line":176,"column":8},"end":{"line":176,"column":null}},"43":{"start":{"line":184,"column":11},"end":{"line":186,"column":null}},"44":{"start":{"line":185,"column":8},"end":{"line":185,"column":null}},"45":{"start":{"line":193,"column":11},"end":{"line":195,"column":null}},"46":{"start":{"line":194,"column":8},"end":{"line":194,"column":null}},"47":{"start":{"line":487,"column":17},"end":{"line":541,"column":null}},"48":{"start":{"line":488,"column":10},"end":{"line":488,"column":16}},"49":{"start":{"line":488,"column":18},"end":{"line":488,"column":28}},"50":{"start":{"line":488,"column":30},"end":{"line":488,"column":40}},"51":{"start":{"line":488,"column":42},"end":{"line":488,"column":56}},"52":{"start":{"line":488,"column":58},"end":{"line":488,"column":69}},"53":{"start":{"line":488,"column":71},"end":{"line":488,"column":89}},"54":{"start":{"line":488,"column":91},"end":{"line":488,"column":110}},"55":{"start":{"line":488,"column":112},"end":{"line":488,"column":121}},"56":{"start":{"line":488,"column":123},"end":{"line":488,"column":138}},"57":{"start":{"line":503,"column":8},"end":{"line":503,"column":null}},"58":{"start":{"line":503,"column":51},"end":{"line":503,"column":53}},"59":{"start":{"line":504,"column":8},"end":{"line":504,"column":56}},"60":{"start":{"line":506,"column":22},"end":{"line":517,"column":null}},"61":{"start":{"line":506,"column":14},"end":{"line":517,"column":null}},"62":{"start":{"line":522,"column":8},"end":{"line":522,"column":null}},"63":{"start":{"line":524,"column":14},"end":{"line":527,"column":null}},"64":{"start":{"line":530,"column":24},"end":{"line":530,"column":null}},"65":{"start":{"line":530,"column":12},"end":{"line":530,"column":null}},"66":{"start":{"line":532,"column":12},"end":{"line":532,"column":null}},"67":{"start":{"line":533,"column":12},"end":{"line":533,"column":null}},"68":{"start":{"line":536,"column":14},"end":{"line":539,"column":null}},"69":{"start":{"line":540,"column":8},"end":{"line":540,"column":null}},"70":{"start":{"line":557,"column":17},"end":{"line":607,"column":null}},"71":{"start":{"line":558,"column":10},"end":{"line":558,"column":15}},"72":{"start":{"line":558,"column":17},"end":{"line":558,"column":31}},"73":{"start":{"line":558,"column":33},"end":{"line":558,"column":44}},"74":{"start":{"line":558,"column":46},"end":{"line":558,"column":58}},"75":{"start":{"line":558,"column":60},"end":{"line":558,"column":78}},"76":{"start":{"line":558,"column":80},"end":{"line":558,"column":99}},"77":{"start":{"line":558,"column":101},"end":{"line":558,"column":110}},"78":{"start":{"line":558,"column":112},"end":{"line":558,"column":127}},"79":{"start":{"line":571,"column":8},"end":{"line":571,"column":56}},"80":{"start":{"line":573,"column":22},"end":{"line":583,"column":null}},"81":{"start":{"line":573,"column":14},"end":{"line":583,"column":null}},"82":{"start":{"line":588,"column":8},"end":{"line":588,"column":null}},"83":{"start":{"line":590,"column":14},"end":{"line":593,"column":null}},"84":{"start":{"line":596,"column":24},"end":{"line":596,"column":null}},"85":{"start":{"line":596,"column":12},"end":{"line":596,"column":null}},"86":{"start":{"line":598,"column":12},"end":{"line":598,"column":null}},"87":{"start":{"line":599,"column":12},"end":{"line":599,"column":null}},"88":{"start":{"line":602,"column":14},"end":{"line":605,"column":null}},"89":{"start":{"line":606,"column":8},"end":{"line":606,"column":null}},"90":{"start":{"line":630,"column":17},"end":{"line":688,"column":null}},"91":{"start":{"line":631,"column":10},"end":{"line":631,"column":15}},"92":{"start":{"line":631,"column":17},"end":{"line":631,"column":31}},"93":{"start":{"line":631,"column":33},"end":{"line":631,"column":44}},"94":{"start":{"line":631,"column":46},"end":{"line":631,"column":55}},"95":{"start":{"line":631,"column":57},"end":{"line":631,"column":69}},"96":{"start":{"line":631,"column":71},"end":{"line":631,"column":82}},"97":{"start":{"line":631,"column":84},"end":{"line":631,"column":102}},"98":{"start":{"line":631,"column":104},"end":{"line":631,"column":129}},"99":{"start":{"line":631,"column":131},"end":{"line":631,"column":157}},"100":{"start":{"line":631,"column":159},"end":{"line":631,"column":178}},"101":{"start":{"line":631,"column":180},"end":{"line":631,"column":206}},"102":{"start":{"line":631,"column":208},"end":{"line":631,"column":220}},"103":{"start":{"line":631,"column":222},"end":{"line":631,"column":232}},"104":{"start":{"line":649,"column":22},"end":{"line":662,"column":null}},"105":{"start":{"line":649,"column":14},"end":{"line":662,"column":null}},"106":{"start":{"line":664,"column":8},"end":{"line":664,"column":null}},"107":{"start":{"line":666,"column":12},"end":{"line":666,"column":22}},"108":{"start":{"line":667,"column":12},"end":{"line":667,"column":null}},"109":{"start":{"line":670,"column":14},"end":{"line":673,"column":null}},"110":{"start":{"line":676,"column":24},"end":{"line":676,"column":null}},"111":{"start":{"line":676,"column":12},"end":{"line":676,"column":null}},"112":{"start":{"line":678,"column":12},"end":{"line":678,"column":null}},"113":{"start":{"line":679,"column":12},"end":{"line":679,"column":null}},"114":{"start":{"line":682,"column":14},"end":{"line":685,"column":null}},"115":{"start":{"line":687,"column":8},"end":{"line":687,"column":null}},"116":{"start":{"line":711,"column":17},"end":{"line":821,"column":null}},"117":{"start":{"line":712,"column":10},"end":{"line":712,"column":16}},"118":{"start":{"line":712,"column":18},"end":{"line":712,"column":32}},"119":{"start":{"line":712,"column":34},"end":{"line":712,"column":45}},"120":{"start":{"line":712,"column":47},"end":{"line":712,"column":56}},"121":{"start":{"line":712,"column":58},"end":{"line":712,"column":70}},"122":{"start":{"line":712,"column":72},"end":{"line":712,"column":83}},"123":{"start":{"line":712,"column":85},"end":{"line":712,"column":103}},"124":{"start":{"line":712,"column":105},"end":{"line":712,"column":130}},"125":{"start":{"line":712,"column":132},"end":{"line":712,"column":151}},"126":{"start":{"line":712,"column":153},"end":{"line":712,"column":179}},"127":{"start":{"line":712,"column":181},"end":{"line":712,"column":193}},"128":{"start":{"line":712,"column":195},"end":{"line":712,"column":205}},"129":{"start":{"line":712,"column":207},"end":{"line":712,"column":225}},"130":{"start":{"line":730,"column":8},"end":{"line":732,"column":null}},"131":{"start":{"line":731,"column":12},"end":{"line":731,"column":null}},"132":{"start":{"line":734,"column":8},"end":{"line":736,"column":null}},"133":{"start":{"line":735,"column":12},"end":{"line":735,"column":null}},"134":{"start":{"line":738,"column":8},"end":{"line":740,"column":null}},"135":{"start":{"line":738,"column":34},"end":{"line":738,"column":49}},"136":{"start":{"line":739,"column":12},"end":{"line":739,"column":null}},"137":{"start":{"line":743,"column":27},"end":{"line":755,"column":null}},"138":{"start":{"line":743,"column":14},"end":{"line":755,"column":null}},"139":{"start":{"line":756,"column":8},"end":{"line":756,"column":null}},"140":{"start":{"line":758,"column":14},"end":{"line":795,"column":null}},"141":{"start":{"line":758,"column":60},"end":{"line":795,"column":null}},"142":{"start":{"line":759,"column":26},"end":{"line":771,"column":null}},"143":{"start":{"line":759,"column":18},"end":{"line":771,"column":null}},"144":{"start":{"line":773,"column":16},"end":{"line":773,"column":26}},"145":{"start":{"line":774,"column":16},"end":{"line":774,"column":null}},"146":{"start":{"line":777,"column":18},"end":{"line":780,"column":null}},"147":{"start":{"line":783,"column":28},"end":{"line":783,"column":null}},"148":{"start":{"line":783,"column":16},"end":{"line":783,"column":null}},"149":{"start":{"line":785,"column":16},"end":{"line":785,"column":null}},"150":{"start":{"line":786,"column":16},"end":{"line":786,"column":null}},"151":{"start":{"line":789,"column":18},"end":{"line":792,"column":null}},"152":{"start":{"line":794,"column":12},"end":{"line":794,"column":null}},"153":{"start":{"line":797,"column":14},"end":{"line":797,"column":null}},"154":{"start":{"line":798,"column":14},"end":{"line":798,"column":null}},"155":{"start":{"line":799,"column":12},"end":{"line":799,"column":null}},"156":{"start":{"line":801,"column":38},"end":{"line":801,"column":null}},"157":{"start":{"line":801,"column":31},"end":{"line":801,"column":null}},"158":{"start":{"line":801,"column":19},"end":{"line":801,"column":31}},"159":{"start":{"line":807,"column":39},"end":{"line":810,"column":null}},"160":{"start":{"line":807,"column":91},"end":{"line":810,"column":14}},"161":{"start":{"line":808,"column":22},"end":{"line":808,"column":null}},"162":{"start":{"line":809,"column":16},"end":{"line":809,"column":null}},"163":{"start":{"line":807,"column":18},"end":{"line":810,"column":null}},"164":{"start":{"line":812,"column":12},"end":{"line":812,"column":null}},"165":{"start":{"line":814,"column":12},"end":{"line":814,"column":null}},"166":{"start":{"line":817,"column":12},"end":{"line":817,"column":null}},"167":{"start":{"line":820,"column":8},"end":{"line":820,"column":null}},"168":{"start":{"line":845,"column":17},"end":{"line":909,"column":null}},"169":{"start":{"line":846,"column":10},"end":{"line":846,"column":20}},"170":{"start":{"line":846,"column":22},"end":{"line":846,"column":39}},"171":{"start":{"line":846,"column":41},"end":{"line":846,"column":59}},"172":{"start":{"line":846,"column":61},"end":{"line":846,"column":67}},"173":{"start":{"line":846,"column":69},"end":{"line":846,"column":79}},"174":{"start":{"line":846,"column":81},"end":{"line":846,"column":91}},"175":{"start":{"line":846,"column":93},"end":{"line":846,"column":107}},"176":{"start":{"line":846,"column":109},"end":{"line":846,"column":120}},"177":{"start":{"line":846,"column":122},"end":{"line":846,"column":131}},"178":{"start":{"line":846,"column":133},"end":{"line":846,"column":151}},"179":{"start":{"line":846,"column":153},"end":{"line":846,"column":164}},"180":{"start":{"line":846,"column":166},"end":{"line":846,"column":191}},"181":{"start":{"line":846,"column":193},"end":{"line":846,"column":219}},"182":{"start":{"line":846,"column":221},"end":{"line":846,"column":240}},"183":{"start":{"line":846,"column":242},"end":{"line":846,"column":268}},"184":{"start":{"line":846,"column":270},"end":{"line":846,"column":282}},"185":{"start":{"line":868,"column":8},"end":{"line":868,"column":null}},"186":{"start":{"line":868,"column":51},"end":{"line":868,"column":53}},"187":{"start":{"line":870,"column":22},"end":{"line":887,"column":null}},"188":{"start":{"line":870,"column":14},"end":{"line":887,"column":null}},"189":{"start":{"line":889,"column":8},"end":{"line":889,"column":null}},"190":{"start":{"line":891,"column":14},"end":{"line":894,"column":null}},"191":{"start":{"line":897,"column":24},"end":{"line":897,"column":null}},"192":{"start":{"line":897,"column":12},"end":{"line":897,"column":null}},"193":{"start":{"line":899,"column":12},"end":{"line":899,"column":null}},"194":{"start":{"line":900,"column":12},"end":{"line":900,"column":null}},"195":{"start":{"line":903,"column":14},"end":{"line":906,"column":null}},"196":{"start":{"line":908,"column":8},"end":{"line":908,"column":null}},"197":{"start":{"line":920,"column":17},"end":{"line":945,"column":null}},"198":{"start":{"line":921,"column":10},"end":{"line":921,"column":15}},"199":{"start":{"line":921,"column":17},"end":{"line":921,"column":31}},"200":{"start":{"line":921,"column":33},"end":{"line":921,"column":49}},"201":{"start":{"line":921,"column":51},"end":{"line":921,"column":66}},"202":{"start":{"line":929,"column":14},"end":{"line":933,"column":null}},"203":{"start":{"line":935,"column":14},"end":{"line":935,"column":30}},"204":{"start":{"line":937,"column":14},"end":{"line":937,"column":null}},"205":{"start":{"line":938,"column":32},"end":{"line":938,"column":null}},"206":{"start":{"line":938,"column":14},"end":{"line":938,"column":null}},"207":{"start":{"line":940,"column":8},"end":{"line":943,"column":null}},"208":{"start":{"line":940,"column":99},"end":{"line":943,"column":10}},"209":{"start":{"line":941,"column":27},"end":{"line":941,"column":null}},"210":{"start":{"line":941,"column":18},"end":{"line":941,"column":null}},"211":{"start":{"line":942,"column":12},"end":{"line":942,"column":null}},"212":{"start":{"line":944,"column":8},"end":{"line":944,"column":null}},"213":{"start":{"line":953,"column":17},"end":{"line":980,"column":null}},"214":{"start":{"line":954,"column":10},"end":{"line":954,"column":15}},"215":{"start":{"line":954,"column":17},"end":{"line":954,"column":31}},"216":{"start":{"line":961,"column":8},"end":{"line":961,"column":null}},"217":{"start":{"line":963,"column":25},"end":{"line":963,"column":null}},"218":{"start":{"line":963,"column":14},"end":{"line":963,"column":null}},"219":{"start":{"line":964,"column":14},"end":{"line":974,"column":null}},"220":{"start":{"line":976,"column":8},"end":{"line":979,"column":null}},"221":{"start":{"line":976,"column":110},"end":{"line":979,"column":10}},"222":{"start":{"line":977,"column":27},"end":{"line":977,"column":null}},"223":{"start":{"line":977,"column":18},"end":{"line":977,"column":null}},"224":{"start":{"line":978,"column":12},"end":{"line":978,"column":null}},"225":{"start":{"line":1265,"column":17},"end":{"line":1279,"column":null}},"226":{"start":{"line":1267,"column":29},"end":{"line":1277,"column":null}},"227":{"start":{"line":1267,"column":14},"end":{"line":1277,"column":null}},"228":{"start":{"line":1278,"column":8},"end":{"line":1278,"column":null}},"229":{"start":{"line":1292,"column":17},"end":{"line":1316,"column":null}},"230":{"start":{"line":1293,"column":10},"end":{"line":1293,"column":15}},"231":{"start":{"line":1293,"column":17},"end":{"line":1293,"column":31}},"232":{"start":{"line":1293,"column":33},"end":{"line":1293,"column":49}},"233":{"start":{"line":1293,"column":51},"end":{"line":1293,"column":66}},"234":{"start":{"line":1302,"column":14},"end":{"line":1306,"column":null}},"235":{"start":{"line":1308,"column":14},"end":{"line":1308,"column":30}},"236":{"start":{"line":1310,"column":14},"end":{"line":1310,"column":null}},"237":{"start":{"line":1311,"column":20},"end":{"line":1311,"column":null}},"238":{"start":{"line":1311,"column":14},"end":{"line":1311,"column":null}},"239":{"start":{"line":1313,"column":8},"end":{"line":1313,"column":null}},"240":{"start":{"line":1315,"column":8},"end":{"line":1315,"column":null}},"241":{"start":{"line":1394,"column":17},"end":{"line":1437,"column":null}},"242":{"start":{"line":1395,"column":10},"end":{"line":1395,"column":21}},"243":{"start":{"line":1395,"column":23},"end":{"line":1395,"column":32}},"244":{"start":{"line":1395,"column":34},"end":{"line":1395,"column":39}},"245":{"start":{"line":1396,"column":12},"end":{"line":1396,"column":24}},"246":{"start":{"line":1436,"column":8},"end":{"line":1436,"column":null}},"247":{"start":{"line":1449,"column":17},"end":{"line":1490,"column":null}},"248":{"start":{"line":1450,"column":10},"end":{"line":1450,"column":16}},"249":{"start":{"line":1450,"column":18},"end":{"line":1450,"column":29}},"250":{"start":{"line":1450,"column":31},"end":{"line":1450,"column":40}},"251":{"start":{"line":1450,"column":42},"end":{"line":1450,"column":78}},"252":{"start":{"line":1489,"column":8},"end":{"line":1489,"column":18}},"253":{"start":{"line":1547,"column":17},"end":{"line":1600,"column":null}},"254":{"start":{"line":1548,"column":10},"end":{"line":1548,"column":24}},"255":{"start":{"line":1548,"column":26},"end":{"line":1548,"column":31}},"256":{"start":{"line":1553,"column":8},"end":{"line":1553,"column":null}},"257":{"start":{"line":1555,"column":8},"end":{"line":1555,"column":32}},"258":{"start":{"line":1611,"column":17},"end":{"line":1627,"column":null}},"259":{"start":{"line":1612,"column":10},"end":{"line":1612,"column":24}},"260":{"start":{"line":1612,"column":26},"end":{"line":1612,"column":38}},"261":{"start":{"line":1612,"column":40},"end":{"line":1612,"column":75}},"262":{"start":{"line":1618,"column":8},"end":{"line":1618,"column":null}},"263":{"start":{"line":1621,"column":14},"end":{"line":1625,"column":null}},"264":{"start":{"line":1626,"column":8},"end":{"line":1626,"column":null}},"265":{"start":{"line":1638,"column":17},"end":{"line":1722,"column":null}},"266":{"start":{"line":1639,"column":10},"end":{"line":1639,"column":15}},"267":{"start":{"line":1639,"column":17},"end":{"line":1639,"column":21}},"268":{"start":{"line":1639,"column":23},"end":{"line":1639,"column":37}},"269":{"start":{"line":1639,"column":39},"end":{"line":1639,"column":56}},"270":{"start":{"line":1639,"column":58},"end":{"line":1639,"column":84}},"271":{"start":{"line":1649,"column":12},"end":{"line":1649,"column":null}},"272":{"start":{"line":1650,"column":12},"end":{"line":1650,"column":null}},"273":{"start":{"line":1651,"column":12},"end":{"line":1651,"column":null}},"274":{"start":{"line":1652,"column":12},"end":{"line":1652,"column":null}},"275":{"start":{"line":1653,"column":12},"end":{"line":1653,"column":null}},"276":{"start":{"line":1654,"column":12},"end":{"line":1654,"column":null}},"277":{"start":{"line":1655,"column":12},"end":{"line":1655,"column":null}},"278":{"start":{"line":1657,"column":8},"end":{"line":1664,"column":null}},"279":{"start":{"line":1658,"column":12},"end":{"line":1658,"column":null}},"280":{"start":{"line":1659,"column":12},"end":{"line":1659,"column":null}},"281":{"start":{"line":1660,"column":12},"end":{"line":1660,"column":null}},"282":{"start":{"line":1661,"column":12},"end":{"line":1661,"column":null}},"283":{"start":{"line":1663,"column":12},"end":{"line":1663,"column":null}},"284":{"start":{"line":1667,"column":8},"end":{"line":1685,"column":null}},"285":{"start":{"line":1669,"column":12},"end":{"line":1671,"column":null}},"286":{"start":{"line":1672,"column":12},"end":{"line":1674,"column":null}},"287":{"start":{"line":1676,"column":12},"end":{"line":1684,"column":null}},"288":{"start":{"line":1679,"column":16},"end":{"line":1679,"column":47}},"289":{"start":{"line":1680,"column":16},"end":{"line":1680,"column":45}},"290":{"start":{"line":1683,"column":16},"end":{"line":1683,"column":null}},"291":{"start":{"line":1688,"column":12},"end":{"line":1690,"column":null}},"292":{"start":{"line":1693,"column":14},"end":{"line":1693,"column":null}},"293":{"start":{"line":1694,"column":8},"end":{"line":1700,"column":null}},"294":{"start":{"line":1695,"column":16},"end":{"line":1695,"column":null}},"295":{"start":{"line":1696,"column":12},"end":{"line":1698,"column":null}},"296":{"start":{"line":1697,"column":16},"end":{"line":1697,"column":null}},"297":{"start":{"line":1699,"column":12},"end":{"line":1699,"column":null}},"298":{"start":{"line":1703,"column":8},"end":{"line":1709,"column":null}},"299":{"start":{"line":1704,"column":12},"end":{"line":1704,"column":null}},"300":{"start":{"line":1705,"column":12},"end":{"line":1705,"column":null}},"301":{"start":{"line":1706,"column":12},"end":{"line":1706,"column":null}},"302":{"start":{"line":1707,"column":12},"end":{"line":1707,"column":null}},"303":{"start":{"line":1708,"column":12},"end":{"line":1708,"column":null}},"304":{"start":{"line":1711,"column":8},"end":{"line":1721,"column":null}},"305":{"start":{"line":1729,"column":17},"end":{"line":1750,"column":null}},"306":{"start":{"line":1730,"column":21},"end":{"line":1739,"column":null}},"307":{"start":{"line":1730,"column":14},"end":{"line":1739,"column":null}},"308":{"start":{"line":1741,"column":8},"end":{"line":1744,"column":null}},"309":{"start":{"line":1742,"column":12},"end":{"line":1742,"column":null}},"310":{"start":{"line":1743,"column":12},"end":{"line":1743,"column":null}},"311":{"start":{"line":1745,"column":8},"end":{"line":1745,"column":null}},"312":{"start":{"line":1748,"column":31},"end":{"line":1748,"column":null}},"313":{"start":{"line":1748,"column":14},"end":{"line":1748,"column":null}},"314":{"start":{"line":1749,"column":8},"end":{"line":1749,"column":null}},"315":{"start":{"line":1756,"column":17},"end":{"line":1761,"column":null}},"316":{"start":{"line":1760,"column":8},"end":{"line":1760,"column":null}},"317":{"start":{"line":1768,"column":11},"end":{"line":1770,"column":null}},"318":{"start":{"line":1769,"column":8},"end":{"line":1769,"column":null}},"319":{"start":{"line":1781,"column":17},"end":{"line":1843,"column":null}},"320":{"start":{"line":1782,"column":10},"end":{"line":1782,"column":13}},"321":{"start":{"line":1782,"column":15},"end":{"line":1782,"column":19}},"322":{"start":{"line":1782,"column":21},"end":{"line":1782,"column":35}},"323":{"start":{"line":1782,"column":37},"end":{"line":1782,"column":63}},"324":{"start":{"line":1789,"column":8},"end":{"line":1789,"column":null}},"325":{"start":{"line":1793,"column":12},"end":{"line":1793,"column":15}},"326":{"start":{"line":1794,"column":20},"end":{"line":1794,"column":null}},"327":{"start":{"line":1794,"column":12},"end":{"line":1794,"column":null}},"328":{"start":{"line":1811,"column":25},"end":{"line":1831,"column":null}},"329":{"start":{"line":1811,"column":18},"end":{"line":1831,"column":null}},"330":{"start":{"line":1832,"column":16},"end":{"line":1832,"column":null}},"331":{"start":{"line":1833,"column":12},"end":{"line":1833,"column":null}},"332":{"start":{"line":1836,"column":12},"end":{"line":1839,"column":null}},"333":{"start":{"line":1837,"column":16},"end":{"line":1837,"column":null}},"334":{"start":{"line":1838,"column":16},"end":{"line":1838,"column":null}},"335":{"start":{"line":1840,"column":12},"end":{"line":1840,"column":null}},"336":{"start":{"line":1841,"column":19},"end":{"line":1841,"column":null}},"337":{"start":{"line":1841,"column":12},"end":{"line":1841,"column":null}},"338":{"start":{"line":1967,"column":17},"end":{"line":2048,"column":null}},"339":{"start":{"line":1968,"column":10},"end":{"line":1968,"column":15}},"340":{"start":{"line":1968,"column":17},"end":{"line":1968,"column":25}},"341":{"start":{"line":1968,"column":27},"end":{"line":1968,"column":41}},"342":{"start":{"line":1968,"column":43},"end":{"line":1968,"column":54}},"343":{"start":{"line":1968,"column":56},"end":{"line":1968,"column":74}},"344":{"start":{"line":1968,"column":76},"end":{"line":1968,"column":95}},"345":{"start":{"line":1968,"column":97},"end":{"line":1968,"column":123}},"346":{"start":{"line":1968,"column":125},"end":{"line":1968,"column":134}},"347":{"start":{"line":1968,"column":136},"end":{"line":1968,"column":151}},"348":{"start":{"line":1982,"column":8},"end":{"line":1982,"column":null}},"349":{"start":{"line":1983,"column":14},"end":{"line":1983,"column":null}},"350":{"start":{"line":1984,"column":14},"end":{"line":1984,"column":null}},"351":{"start":{"line":1985,"column":14},"end":{"line":1985,"column":null}},"352":{"start":{"line":1987,"column":43},"end":{"line":1987,"column":null}},"353":{"start":{"line":1987,"column":14},"end":{"line":1987,"column":null}},"354":{"start":{"line":1989,"column":14},"end":{"line":1991,"column":null}},"355":{"start":{"line":1996,"column":12},"end":{"line":1996,"column":null}},"356":{"start":{"line":1993,"column":14},"end":{"line":1995,"column":null}},"357":{"start":{"line":1998,"column":14},"end":{"line":2005,"column":null}},"358":{"start":{"line":2008,"column":14},"end":{"line":2008,"column":57}},"359":{"start":{"line":2010,"column":51},"end":{"line":2010,"column":null}},"360":{"start":{"line":2010,"column":14},"end":{"line":2010,"column":51}},"361":{"start":{"line":2011,"column":14},"end":{"line":2011,"column":null}},"362":{"start":{"line":2013,"column":50},"end":{"line":2013,"column":null}},"363":{"start":{"line":2013,"column":14},"end":{"line":2013,"column":50}},"364":{"start":{"line":2015,"column":8},"end":{"line":2047,"column":null}},"365":{"start":{"line":2050,"column":17},"end":{"line":2134,"column":null}},"366":{"start":{"line":2051,"column":10},"end":{"line":2051,"column":15}},"367":{"start":{"line":2051,"column":17},"end":{"line":2051,"column":25}},"368":{"start":{"line":2051,"column":27},"end":{"line":2051,"column":41}},"369":{"start":{"line":2051,"column":43},"end":{"line":2051,"column":54}},"370":{"start":{"line":2051,"column":56},"end":{"line":2051,"column":65}},"371":{"start":{"line":2051,"column":67},"end":{"line":2051,"column":78}},"372":{"start":{"line":2051,"column":80},"end":{"line":2051,"column":94}},"373":{"start":{"line":2051,"column":96},"end":{"line":2051,"column":113}},"374":{"start":{"line":2051,"column":115},"end":{"line":2051,"column":145}},"375":{"start":{"line":2051,"column":147},"end":{"line":2051,"column":166}},"376":{"start":{"line":2051,"column":168},"end":{"line":2051,"column":190}},"377":{"start":{"line":2051,"column":192},"end":{"line":2051,"column":204}},"378":{"start":{"line":2068,"column":8},"end":{"line":2068,"column":null}},"379":{"start":{"line":2069,"column":14},"end":{"line":2069,"column":null}},"380":{"start":{"line":2070,"column":14},"end":{"line":2070,"column":null}},"381":{"start":{"line":2071,"column":14},"end":{"line":2071,"column":null}},"382":{"start":{"line":2072,"column":14},"end":{"line":2072,"column":null}},"383":{"start":{"line":2074,"column":29},"end":{"line":2074,"column":null}},"384":{"start":{"line":2074,"column":14},"end":{"line":2074,"column":null}},"385":{"start":{"line":2078,"column":40},"end":{"line":2078,"column":null}},"386":{"start":{"line":2076,"column":14},"end":{"line":2078,"column":40}},"387":{"start":{"line":2080,"column":14},"end":{"line":2080,"column":57}},"388":{"start":{"line":2082,"column":14},"end":{"line":2084,"column":null}},"389":{"start":{"line":2086,"column":65},"end":{"line":2086,"column":null}},"390":{"start":{"line":2086,"column":14},"end":{"line":2086,"column":65}},"391":{"start":{"line":2087,"column":14},"end":{"line":2087,"column":null}},"392":{"start":{"line":2089,"column":14},"end":{"line":2096,"column":null}},"393":{"start":{"line":2099,"column":50},"end":{"line":2099,"column":null}},"394":{"start":{"line":2099,"column":14},"end":{"line":2099,"column":50}},"395":{"start":{"line":2101,"column":8},"end":{"line":2133,"column":null}},"396":{"start":{"line":2136,"column":17},"end":{"line":2212,"column":null}},"397":{"start":{"line":2137,"column":10},"end":{"line":2137,"column":15}},"398":{"start":{"line":2137,"column":17},"end":{"line":2137,"column":39}},"399":{"start":{"line":2207,"column":8},"end":{"line":2210,"column":null}},"400":{"start":{"line":2214,"column":17},"end":{"line":2298,"column":null}},"401":{"start":{"line":2215,"column":10},"end":{"line":2215,"column":16}},"402":{"start":{"line":2215,"column":18},"end":{"line":2215,"column":28}},"403":{"start":{"line":2215,"column":30},"end":{"line":2215,"column":40}},"404":{"start":{"line":2215,"column":42},"end":{"line":2215,"column":56}},"405":{"start":{"line":2215,"column":58},"end":{"line":2215,"column":69}},"406":{"start":{"line":2215,"column":71},"end":{"line":2215,"column":89}},"407":{"start":{"line":2216,"column":12},"end":{"line":2216,"column":31}},"408":{"start":{"line":2216,"column":33},"end":{"line":2216,"column":59}},"409":{"start":{"line":2216,"column":61},"end":{"line":2216,"column":70}},"410":{"start":{"line":2216,"column":72},"end":{"line":2216,"column":87}},"411":{"start":{"line":2231,"column":8},"end":{"line":2231,"column":null}},"412":{"start":{"line":2232,"column":14},"end":{"line":2232,"column":null}},"413":{"start":{"line":2232,"column":60},"end":{"line":2232,"column":124}},"414":{"start":{"line":2233,"column":14},"end":{"line":2233,"column":null}},"415":{"start":{"line":2236,"column":14},"end":{"line":2238,"column":null}},"416":{"start":{"line":2241,"column":22},"end":{"line":2241,"column":32}},"417":{"start":{"line":2242,"column":14},"end":{"line":2242,"column":null}},"418":{"start":{"line":2243,"column":14},"end":{"line":2243,"column":null}},"419":{"start":{"line":2241,"column":14},"end":{"line":2243,"column":null}},"420":{"start":{"line":2245,"column":42},"end":{"line":2245,"column":null}},"421":{"start":{"line":2244,"column":14},"end":{"line":2245,"column":42}},"422":{"start":{"line":2247,"column":14},"end":{"line":2254,"column":null}},"423":{"start":{"line":2257,"column":14},"end":{"line":2257,"column":49}},"424":{"start":{"line":2262,"column":12},"end":{"line":2263,"column":null}},"425":{"start":{"line":2261,"column":14},"end":{"line":2261,"column":null}},"426":{"start":{"line":2264,"column":14},"end":{"line":2264,"column":null}},"427":{"start":{"line":2266,"column":8},"end":{"line":2297,"column":null}},"428":{"start":{"line":2300,"column":17},"end":{"line":2391,"column":null}},"429":{"start":{"line":2301,"column":10},"end":{"line":2301,"column":20}},"430":{"start":{"line":2301,"column":22},"end":{"line":2301,"column":39}},"431":{"start":{"line":2301,"column":41},"end":{"line":2301,"column":59}},"432":{"start":{"line":2301,"column":61},"end":{"line":2301,"column":67}},"433":{"start":{"line":2301,"column":69},"end":{"line":2301,"column":79}},"434":{"start":{"line":2301,"column":81},"end":{"line":2301,"column":91}},"435":{"start":{"line":2301,"column":93},"end":{"line":2301,"column":107}},"436":{"start":{"line":2301,"column":109},"end":{"line":2301,"column":120}},"437":{"start":{"line":2301,"column":122},"end":{"line":2301,"column":131}},"438":{"start":{"line":2301,"column":133},"end":{"line":2301,"column":144}},"439":{"start":{"line":2301,"column":146},"end":{"line":2301,"column":160}},"440":{"start":{"line":2301,"column":162},"end":{"line":2301,"column":179}},"441":{"start":{"line":2301,"column":181},"end":{"line":2301,"column":211}},"442":{"start":{"line":2301,"column":213},"end":{"line":2301,"column":232}},"443":{"start":{"line":2301,"column":234},"end":{"line":2301,"column":256}},"444":{"start":{"line":2301,"column":258},"end":{"line":2301,"column":270}},"445":{"start":{"line":2322,"column":8},"end":{"line":2322,"column":null}},"446":{"start":{"line":2323,"column":14},"end":{"line":2323,"column":null}},"447":{"start":{"line":2323,"column":60},"end":{"line":2323,"column":124}},"448":{"start":{"line":2324,"column":14},"end":{"line":2324,"column":null}},"449":{"start":{"line":2324,"column":63},"end":{"line":2324,"column":93}},"450":{"start":{"line":2325,"column":14},"end":{"line":2325,"column":null}},"451":{"start":{"line":2325,"column":65},"end":{"line":2325,"column":87}},"452":{"start":{"line":2326,"column":8},"end":{"line":2326,"column":null}},"453":{"start":{"line":2327,"column":8},"end":{"line":2327,"column":null}},"454":{"start":{"line":2328,"column":8},"end":{"line":2328,"column":null}},"455":{"start":{"line":2330,"column":14},"end":{"line":2330,"column":null}},"456":{"start":{"line":2333,"column":22},"end":{"line":2333,"column":32}},"457":{"start":{"line":2334,"column":14},"end":{"line":2334,"column":null}},"458":{"start":{"line":2335,"column":14},"end":{"line":2335,"column":null}},"459":{"start":{"line":2333,"column":14},"end":{"line":2335,"column":null}},"460":{"start":{"line":2339,"column":40},"end":{"line":2339,"column":null}},"461":{"start":{"line":2336,"column":14},"end":{"line":2339,"column":40}},"462":{"start":{"line":2341,"column":14},"end":{"line":2341,"column":49}},"463":{"start":{"line":2343,"column":65},"end":{"line":2343,"column":null}},"464":{"start":{"line":2343,"column":14},"end":{"line":2343,"column":65}},"465":{"start":{"line":2344,"column":14},"end":{"line":2344,"column":null}},"466":{"start":{"line":2346,"column":14},"end":{"line":2348,"column":null}},"467":{"start":{"line":2350,"column":14},"end":{"line":2356,"column":null}},"468":{"start":{"line":2359,"column":8},"end":{"line":2390,"column":null}},"469":{"start":{"line":2393,"column":11},"end":{"line":2483,"column":null}},"470":{"start":{"line":2393,"column":4},"end":{"line":2393,"column":11}},"471":{"start":{"line":2394,"column":10},"end":{"line":2394,"column":15}},"472":{"start":{"line":2394,"column":17},"end":{"line":2394,"column":31}},"473":{"start":{"line":2394,"column":33},"end":{"line":2394,"column":49}},"474":{"start":{"line":2402,"column":8},"end":{"line":2402,"column":null}},"475":{"start":{"line":2403,"column":8},"end":{"line":2403,"column":null}},"476":{"start":{"line":2405,"column":35},"end":{"line":2440,"column":9}},"477":{"start":{"line":2406,"column":12},"end":{"line":2439,"column":null}},"478":{"start":{"line":2407,"column":31},"end":{"line":2407,"column":69}},"479":{"start":{"line":2408,"column":16},"end":{"line":2412,"column":null}},"480":{"start":{"line":2416,"column":19},"end":{"line":2439,"column":null}},"481":{"start":{"line":2418,"column":31},"end":{"line":2418,"column":52}},"482":{"start":{"line":2419,"column":39},"end":{"line":2425,"column":41}},"483":{"start":{"line":2420,"column":55},"end":{"line":2420,"column":83}},"484":{"start":{"line":2422,"column":46},"end":{"line":2425,"column":41}},"485":{"start":{"line":2426,"column":35},"end":{"line":2430,"column":null}},"486":{"start":{"line":2432,"column":16},"end":{"line":2436,"column":null}},"487":{"start":{"line":2438,"column":16},"end":{"line":2438,"column":null}},"488":{"start":{"line":2442,"column":14},"end":{"line":2442,"column":16}},"489":{"start":{"line":2442,"column":16},"end":{"line":2442,"column":22}},"490":{"start":{"line":2442,"column":24},"end":{"line":2442,"column":32}},"491":{"start":{"line":2442,"column":34},"end":{"line":2442,"column":52}},"492":{"start":{"line":2443,"column":22},"end":{"line":2443,"column":48}},"493":{"start":{"line":2445,"column":29},"end":{"line":2447,"column":26}},"494":{"start":{"line":2449,"column":45},"end":{"line":2477,"column":null}},"495":{"start":{"line":2479,"column":8},"end":{"line":2481,"column":null}},"496":{"start":{"line":2495,"column":17},"end":{"line":2542,"column":null}},"497":{"start":{"line":2496,"column":10},"end":{"line":2496,"column":13}},"498":{"start":{"line":2496,"column":15},"end":{"line":2496,"column":19}},"499":{"start":{"line":2496,"column":21},"end":{"line":2496,"column":35}},"500":{"start":{"line":2496,"column":37},"end":{"line":2496,"column":62}},"501":{"start":{"line":2496,"column":64},"end":{"line":2496,"column":90}},"502":{"start":{"line":2504,"column":8},"end":{"line":2504,"column":null}},"503":{"start":{"line":2508,"column":16},"end":{"line":2508,"column":33}},"504":{"start":{"line":2509,"column":33},"end":{"line":2509,"column":null}},"505":{"start":{"line":2509,"column":22},"end":{"line":2509,"column":null}},"506":{"start":{"line":2510,"column":16},"end":{"line":2510,"column":null}},"507":{"start":{"line":2512,"column":16},"end":{"line":2514,"column":null}},"508":{"start":{"line":2513,"column":20},"end":{"line":2513,"column":null}},"509":{"start":{"line":2517,"column":16},"end":{"line":2517,"column":34}
[...]
9},"end":{"line":752,"column":null}},"type":"if","locations":[{"start":{"line":743,"column":9},"end":{"line":752,"column":null}},{"start":{"line":743,"column":9},"end":{"line":752,"column":null}}]},"38":{"loc":{"start":{"line":749,"column":8},"end":{"line":749,"column":29}},"type":"cond-expr","locations":[{"start":{"line":749,"column":8},"end":{"line":749,"column":29}},{"start":{"line":751,"column":8},"end":{"line":751,"column":28}}]},"39":{"loc":{"start":{"line":755,"column":2},"end":{"line":758,"column":null}},"type":"if","locations":[{"start":{"line":755,"column":2},"end":{"line":758,"column":null}},{"start":{"line":755,"column":2},"end":{"line":758,"column":null}}]},"40":{"loc":{"start":{"line":755,"column":6},"end":{"line":755,"column":29}},"type":"binary-expr","locations":[{"start":{"line":755,"column":6},"end":{"line":755,"column":29}},{"start":{"line":755,"column":33},"end":{"line":755,"column":66}}]},"41":{"loc":{"start":{"line":760,"column":25},"end":{"line":760,"column":42}},"type":"cond-expr","locations":[{"start":{"line":760,"column":25},"end":{"line":760,"column":42}},{"start":{"line":760,"column":45},"end":{"line":760,"column":55}}]},"42":{"loc":{"start":{"line":772,"column":4},"end":{"line":772,"column":null}},"type":"if","locations":[{"start":{"line":772,"column":4},"end":{"line":772,"column":null}},{"start":{"line":772,"column":4},"end":{"line":772,"column":null}}]},"43":{"loc":{"start":{"line":776,"column":6},"end":{"line":776,"column":30}},"type":"cond-expr","locations":[{"start":{"line":776,"column":6},"end":{"line":776,"column":30}},{"start":{"line":777,"column":6},"end":{"line":777,"column":15}}]},"44":{"loc":{"start":{"line":865,"column":2},"end":{"line":881,"column":null}},"type":"if","locations":[{"start":{"line":865,"column":2},"end":{"line":881,"column":null}},{"start":{"line":865,"column":2},"end":{"line":881,"column":null}}]},"45":{"loc":{"start":{"line":894,"column":47},"end":{"line":894,"column":66}},"type":"cond-expr","locations":[{"start":{"line":894,"column":47},"end":{"line":894,"column":66}},{"start":{"line":894,"column":69},"end":{"line":894,"column":80}}]},"46":{"loc":{"start":{"line":896,"column":2},"end":{"line":899,"column":null}},"type":"if","locations":[{"start":{"line":896,"column":2},"end":{"line":899,"column":null}},{"start":{"line":896,"column":2},"end":{"line":899,"column":null}}]},"47":{"loc":{"start":{"line":925,"column":2},"end":{"line":927,"column":null}},"type":"if","locations":[{"start":{"line":925,"column":2},"end":{"line":927,"column":null}},{"start":{"line":925,"column":2},"end":{"line":927,"column":null}}]},"48":{"loc":{"start":{"line":931,"column":2},"end":{"line":933,"column":null}},"type":"if","locations":[{"start":{"line":931,"column":2},"end":{"line":933,"column":null}},{"start":{"line":931,"column":2},"end":{"line":933,"column":null}}]}},"s":{"0":2,"1":1,"2":1,"3":1,"4":1,"5":1,"6":1,"7":1,"8":0,"9":0,"10":0,"11":1,"12":0,"13":0,"14":0,"15":0,"16":0,"17":0,"18":0,"19":0,"20":0,"21":0,"22":1,"23":0,"24":1,"25":0,"26":1,"27":0,"28":1,"29":0,"30":1,"31":0,"32":0,"33":1,"34":0,"35":1,"36":0,"37":0,"38":1,"39":0,"40":0,"41":1,"42":0,"43":0,"44":0,"45":0,"46":1,"47":0,"48":0,"49":0,"50":0,"51":1,"52":1,"53":0,"54":1,"55":1,"56":1,"57":0,"58":0,"59":0,"60":0,"61":0,"62":0,"63":0,"64":0,"65":0,"66":0,"67":0,"68":0,"69":0,"70":0,"71":0,"72":0,"73":0,"74":0,"75":0,"76":0,"77":0,"78":0,"79":1,"80":0,"81":0,"82":0,"83":1,"84":0,"85":1,"86":0,"87":0,"88":1,"89":0,"90":0,"91":0,"92":0,"93":0,"94":0,"95":0,"96":1,"97":0,"98":0,"99":0,"100":0,"101":0,"102":0,"103":0,"104":0,"105":0,"106":0,"107":1,"108":0,"109":0,"110":0,"111":0,"112":0,"113":1,"114":0,"115":1},"f":{"0":0,"1":0,"2":0,"3":0,"4":0,"5":0,"6":0,"7":0,"8":0,"9":0,"10":0,"11":0,"12":0,"13":0,"14":0,"15":0,"16":0,"17":1,"18":0,"19":0,"20":0,"21":0,"22":0,"23":0,"24":0,"25":0,"26":0,"27":0,"28":0},"b":{"0":[0,0],"1":[0,0],"2":[0,0],"3":[0,0],"4":[0,0],"5":[0,0],"6":[0,0],"7":[0,0],"8":[0,0],"9":[0,0],"10":[0,0],"11":[0,0],"12":[0,0],"13":[0,0],"14":[0,0],"15":[0,0],"16":[0,0],"17":[0,0],"18":[0,0],"19":[0,0],"20":[0,0],"21":[0,0],"22":[0,0],"23":[0,0],"24":[0,0],"25":[0,0],"26":[0,0],"27":[0,0],"28":[0,0],"29":[0,0],"30":[0,0],"31":[0,0],"32":[0,0],"33":[0,1],"34":[0,0],"35":[0,0],"36":[0,0],"37":[0,0],"38":[0,0],"39":[0,0],"40":[0,0],"41":[0,0],"42":[0,0],"43":[0,0],"44":[0,0],"45":[0,0],"46":[0,0],"47":[0,0],"48":[0,0]}}
,"/Users/lisheng/mygit/vlbos/pacific-js/src/wyvern-js/wyvernProtocol.ts": {"path":"/Users/lisheng/mygit/vlbos/pacific-js/src/wyvern-js/wyvernProtocol.ts","statementMap":{"0":{"start":{"line":2,"column":0},"end":{"line":2,"column":41}},"1":{"start":{"line":37,"column":13},"end":{"line":44,"column":2}},"2":{"start":{"line":46,"column":0},"end":{"line":46,"column":13}},"3":{"start":{"line":112,"column":18},"end":{"line":119,"column":null}},"4":{"start":{"line":115,"column":29},"end":{"line":115,"column":87}},"5":{"start":{"line":116,"column":23},"end":{"line":116,"column":90}},"6":{"start":{"line":117,"column":21},"end":{"line":117,"column":55}},"7":{"start":{"line":118,"column":8},"end":{"line":118,"column":20}},"8":{"start":{"line":48,"column":18},"end":{"line":48,"column":56}},"9":{"start":{"line":50,"column":18},"end":{"line":50,"column":66}},"10":{"start":{"line":481,"column":0},"end":{"line":481,"column":null}},"11":{"start":{"line":46,"column":13},"end":{"line":46,"column":27}}},"fnMap":{"0":{"name":"(anonymous_0)","decl":{"start":{"line":46,"column":0},"end":{"line":46,"column":13}},"loc":{"start":{"line":46,"column":0},"end":{"line":46,"column":13}}},"1":{"name":"(anonymous_2)","decl":{"start":{"line":112,"column":4},"end":{"line":112,"column":18}},"loc":{"start":{"line":112,"column":4},"end":{"line":119,"column":5}}}},"branchMap":{},"s":{"0":1,"1":1,"2":1,"3":1,"4":0,"5":0,"6":0,"7":0,"8":1,"9":1,"10":1,"11":1},"f":{"0":1,"1":0},"b":{}}
,"/Users/lisheng/mygit/vlbos/pacific-js/src/wyvern-js/src/types.ts": {"path":"/Users/lisheng/mygit/vlbos/pacific-js/src/wyvern-js/src/types.ts","statementMap":{"0":{"start":{"line":18,"column":0},"end":{"line":18,"column":null}},"1":{"start":{"line":19,"column":4},"end":{"line":19,"column":null}},"2":{"start":{"line":20,"column":4},"end":{"line":20,"column":null}},"3":{"start":{"line":23,"column":0},"end":{"line":23,"column":null}},"4":{"start":{"line":24,"column":4},"end":{"line":24,"column":null}},"5":{"start":{"line":25,"column":4},"end":{"line":25,"column":null}},"6":{"start":{"line":26,"column":4},"end":{"line":26,"column":null}},"7":{"start":{"line":29,"column":0},"end":{"line":29,"column":null}},"8":{"start":{"line":30,"column":4},"end":{"line":30,"column":null}},"9":{"start":{"line":31,"column":4},"end":{"line":31,"column":null}},"10":{"start":{"line":32,"column":4},"end":{"line":32,"column":null}},"11":{"start":{"line":33,"column":4},"end":{"line":33,"column":null}},"12":{"start":{"line":36,"column":0},"end":{"line":36,"column":null}},"13":{"start":{"line":37,"column":4},"end":{"line":37,"column":null}},"14":{"start":{"line":38,"column":4},"end":{"line":38,"column":null}},"15":{"start":{"line":39,"column":4},"end":{"line":39,"column":null}},"16":{"start":{"line":40,"column":4},"end":{"line":40,"column":null}},"17":{"start":{"line":43,"column":0},"end":{"line":43,"column":null}},"18":{"start":{"line":44,"column":4},"end":{"line":44,"column":null}},"19":{"start":{"line":45,"column":4},"end":{"line":45,"column":null}},"20":{"start":{"line":46,"column":4},"end":{"line":46,"column":null}},"21":{"start":{"line":47,"column":4},"end":{"line":47,"column":null}},"22":{"start":{"line":132,"column":0},"end":{"line":132,"column":null}},"23":{"start":{"line":133,"column":2},"end":{"line":133,"column":null}},"24":{"start":{"line":134,"column":2},"end":{"line":134,"column":null}},"25":{"start":{"line":135,"column":2},"end":{"line":135,"column":null}},"26":{"start":{"line":136,"column":2},"end":{"line":136,"column":null}},"27":{"start":{"line":139,"column":0},"end":{"line":139,"column":null}},"28":{"start":{"line":140,"column":2},"end":{"line":140,"column":null}},"29":{"start":{"line":141,"column":2},"end":{"line":141,"column":null}},"30":{"start":{"line":142,"column":2},"end":{"line":142,"column":null}},"31":{"start":{"line":143,"column":2},"end":{"line":143,"column":null}},"32":{"start":{"line":144,"column":2},"end":{"line":144,"column":null}},"33":{"start":{"line":145,"column":2},"end":{"line":145,"column":null}},"34":{"start":{"line":155,"column":0},"end":{"line":155,"column":null}},"35":{"start":{"line":156,"column":2},"end":{"line":156,"column":null}},"36":{"start":{"line":157,"column":2},"end":{"line":157,"column":null}},"37":{"start":{"line":158,"column":2},"end":{"line":158,"column":null}},"38":{"start":{"line":159,"column":2},"end":{"line":159,"column":null}}},"fnMap":{"0":{"name":"(anonymous_0)","decl":{"start":{"line":18,"column":0},"end":{"line":18,"column":12}},"loc":{"start":{"line":18,"column":19},"end":{"line":21,"column":1}}},"1":{"name":"(anonymous_1)","decl":{"start":{"line":23,"column":0},"end":{"line":23,"column":12}},"loc":{"start":{"line":23,"column":20},"end":{"line":27,"column":1}}},"2":{"name":"(anonymous_2)","decl":{"start":{"line":29,"column":0},"end":{"line":29,"column":12}},"loc":{"start":{"line":29,"column":21},"end":{"line":34,"column":1}}},"3":{"name":"(anonymous_3)","decl":{"start":{"line":36,"column":0},"end":{"line":36,"column":12}},"loc":{"start":{"line":36,"column":19},"end":{"line":41,"column":1}}},"4":{"name":"(anonymous_4)","decl":{"start":{"line":43,"column":0},"end":{"line":43,"column":12}},"loc":{"start":{"line":43,"column":31},"end":{"line":48,"column":1}}},"5":{"name":"(anonymous_5)","decl":{"start":{"line":132,"column":0},"end":{"line":132,"column":12}},"loc":{"start":{"line":132,"column":27},"end":{"line":137,"column":1}}},"6":{"name":"(anonymous_6)","decl":{"start":{"line":139,"column":0},"end":{"line":139,"column":12}},"loc":{"start":{"line":139,"column":29},"end":{"line":146,"column":1}}},"7":{"name":"(anonymous_7)","decl":{"start":{"line":155,"column":0},"end":{"line":155,"column":12}},"loc":{"start":{"line":155,"column":30},"end":{"line":160,"column":1}}}},"branchMap":{"0":{"loc":{"start":{"line":18,"column":12},"end":{"line":18,"column":19}},"type":"binary-expr","locations":[{"start":{"line":18,"column":12},"end":{"line":18,"column":19}},{"start":{"line":18,"column":12},"end":{"line":18,"column":null}}]},"1":{"loc":{"start":{"line":23,"column":12},"end":{"line":23,"column":20}},"type":"binary-expr","locations":[{"start":{"line":23,"column":12},"end":{"line":23,"column":20}},{"start":{"line":23,"column":12},"end":{"line":23,"column":null}}]},"2":{"loc":{"start":{"line":29,"column":12},"end":{"line":29,"column":21}},"type":"binary-expr","locations":[{"start":{"line":29,"column":12},"end":{"line":29,"column":21}},{"start":{"line":29,"column":12},"end":{"line":29,"column":null}}]},"3":{"loc":{"start":{"line":36,"column":12},"end":{"line":36,"column":19}},"type":"binary-expr","locations":[{"start":{"line":36,"column":12},"end":{"line":36,"column":19}},{"start":{"line":36,"column":12},"end":{"line":36,"column":null}}]},"4":{"loc":{"start":{"line":43,"column":12},"end":{"line":43,"column":31}},"type":"binary-expr","locations":[{"start":{"line":43,"column":12},"end":{"line":43,"column":31}},{"start":{"line":43,"column":12},"end":{"line":43,"column":null}}]},"5":{"loc":{"start":{"line":132,"column":12},"end":{"line":132,"column":27}},"type":"binary-expr","locations":[{"start":{"line":132,"column":12},"end":{"line":132,"column":27}},{"start":{"line":132,"column":12},"end":{"line":132,"column":null}}]},"6":{"loc":{"start":{"line":139,"column":12},"end":{"line":139,"column":29}},"type":"binary-expr","locations":[{"start":{"line":139,"column":12},"end":{"line":139,"column":29}},{"start":{"line":139,"column":12},"end":{"line":139,"column":null}}]},"7":{"loc":{"start":{"line":155,"column":12},"end":{"line":155,"column":30}},"type":"binary-expr","locations":[{"start":{"line":155,"column":12},"end":{"line":155,"column":30}},{"start":{"line":155,"column":12},"end":{"line":155,"column":null}}]}},"s":{"0":1,"1":1,"2":1,"3":1,"4":1,"5":1,"6":1,"7":1,"8":1,"9":1,"10":1,"11":1,"12":1,"13":1,"14":1,"15":1,"16":1,"17":1,"18":1,"19":1,"20":1,"21":1,"22":1,"23":1,"24":1,"25":1,"26":1,"27":1,"28":1,"29":1,"30":1,"31":1,"32":1,"33":1,"34":1,"35":1,"36":1,"37":1,"38":1},"f":{"0":1,"1":1,"2":1,"3":1,"4":1,"5":1,"6":1,"7":1},"b":{"0":[1,1],"1":[1,1],"2":[1,1],"3":[1,1],"4":[1,1],"5":[1,1],"6":[1,1],"7":[1,1]}}
,"/Users/lisheng/mygit/vlbos/pacific-js/src/wyvern-schemas/src/index.ts": {"path":"/Users/lisheng/mygit/vlbos/pacific-js/src/wyvern-schemas/src/index.ts","statementMap":{"0":{"start":{"line":19,"column":0},"end":{"line":19,"column":9}},"1":{"start":{"line":19,"column":9},"end":{"line":19,"column":42}},"2":{"start":{"line":20,"column":0},"end":{"line":20,"column":9}},"3":{"start":{"line":20,"column":9},"end":{"line":20,"column":40}}},"fnMap":{},"branchMap":{},"s":{"0":1,"1":1,"2":1,"3":1},"f":{},"b":{}}
,"/Users/lisheng/mygit/vlbos/pacific-js/src/wyvern-schemas/src/schemas/index.ts": {"path":"/Users/lisheng/mygit/vlbos/pacific-js/src/wyvern-schemas/src/schemas/index.ts","statementMap":{"0":{"start":{"line":4,"column":0},"end":{"line":4,"column":43}},"1":{"start":{"line":7,"column":13},"end":{"line":10,"column":2}}},"fnMap":{},"branchMap":{},"s":{"0":1,"1":1},"f":{},"b":{}}
,"/Users/lisheng/mygit/vlbos/pacific-js/src/wyvern-schemas/src/schemas/ERC1155/index.ts": {"path":"/Users/lisheng/mygit/vlbos/pacific-js/src/wyvern-schemas/src/schemas/ERC1155/index.ts","statementMap":{"0":{"start":{"line":3,"column":0},"end":{"line":3,"column":null}},"1":{"start":{"line":16,"column":13},"end":{"line":87,"column":2}},"2":{"start":{"line":28,"column":36},"end":{"line":32,"column":null}},"3":{"start":{"line":33,"column":26},"end":{"line":37,"column":null}},"4":{"start":{"line":39,"column":15},"end":{"line":47,"column":null}},"5":{"start":{"line":40,"column":6},"end":{"line":46,"column":8}},"6":{"start":{"line":86,"column":17},"end":{"line":86,"column":null}}},"fnMap":{"0":{"name":"(anonymous_12)","decl":{"start":{"line":28,"column":19},"end":{"line":28,"column":20}},"loc":{"start":{"line":28,"column":31},"end":{"line":28,"column":37}}},"1":{"name":"(anonymous_13)","decl":{"start":{"line":33,"column":17},"end":{"line":33,"column":22}},"loc":{"start":{"line":33,"column":22},"end":{"line":33,"column":27}}},"2":{"name":"(anonymous_14)","decl":{"start":{"line":39,"column":4},"end":{"line":39,"column":10}},"loc":{"start":{"line":39,"column":15},"end":{"line":47,"column":null}}},"3":{"name":"(anonymous_15)","decl":{"start":{"line":39,"column":15},"end":{"line":39,"column":null}},"loc":{"start":{"line":39,"column":15},"end":{"line":47,"column":null}}},"4":{"name":"(anonymous_17)","decl":{"start":{"line":86,"column":8},"end":{"line":86,"column":13}},"loc":{"start":{"line":86,"column":13},"end":{"line":86,"column":22}}}},"branchMap":{},"s":{"0":1,"1":1,"2":0,"3":0,"4":0,"5":0,"6":0},"f":{"0":0,"1":0,"2":0,"3":0,"4":0},"b":{}}
,"/Users/lisheng/mygit/vlbos/pacific-js/src/wyvern-schemas/src/schemas/ERC20/index.ts": {"path":"/Users/lisheng/mygit/vlbos/pacific-js/src/wyvern-schemas/src/schemas/ERC20/index.ts","statementMap":{"0":{"start":{"line":3,"column":0},"end":{"line":3,"column":null}},"1":{"start":{"line":15,"column":13},"end":{"line":80,"column":2}},"2":{"start":{"line":26,"column":36},"end":{"line":29,"column":null}},"3":{"start":{"line":30,"column":26},"end":{"line":33,"column":null}},"4":{"start":{"line":35,"column":15},"end":{"line":43,"column":null}},"5":{"start":{"line":36,"column":6},"end":{"line":42,"column":8}},"6":{"start":{"line":79,"column":17},"end":{"line":79,"column":null}}},"fnMap":{"0":{"name":"(anonymous_12)","decl":{"start":{"line":26,"column":19},"end":{"line":26,"column":20}},"loc":{"start":{"line":26,"column":31},"end":{"line":26,"column":37}}},"1":{"name":"(anonymous_13)","decl":{"start":{"line":30,"column":17},"end":{"line":30,"column":22}},"loc":{"start":{"line":30,"column":22},"end":{"line":30,"column":27}}},"2":{"name":"(anonymous_14)","decl":{"start":{"line":35,"column":4},"end":{"line":35,"column":10}},"loc":{"start":{"line":35,"column":15},"end":{"line":43,"column":null}}},"3":{"name":"(anonymous_15)","decl":{"start":{"line":35,"column":15},"end":{"line":35,"column":null}},"loc":{"start":{"line":35,"column":15},"end":{"line":43,"column":null}}},"4":{"name":"(anonymous_17)","decl":{"start":{"line":79,"column":8},"end":{"line":79,"column":13}},"loc":{"start":{"line":79,"column":13},"end":{"line":79,"column":22}}}},"branchMap":{},"s":{"0":1,"1":1,"2":0,"3":0,"4":0,"5":0,"6":0},"f":{"0":0,"1":0,"2":0,"3":0,"4":0},"b":{}}
,"/Users/lisheng/mygit/vlbos/pacific-js/src/wyvern-schemas/src/schemas/ERC721/index.ts": {"path":"/Users/lisheng/mygit/vlbos/pacific-js/src/wyvern-schemas/src/schemas/ERC721/index.ts","statementMap":{"0":{"start":{"line":3,"column":0},"end":{"line":3,"column":null}},"1":{"start":{"line":15,"column":13},"end":{"line":79,"column":2}},"2":{"start":{"line":26,"column":36},"end":{"line":29,"column":null}},"3":{"start":{"line":30,"column":26},"end":{"line":33,"column":null}},"4":{"start":{"line":35,"column":15},"end":{"line":43,"column":null}},"5":{"start":{"line":36,"column":6},"end":{"line":42,"column":8}},"6":{"start":{"line":78,"column":17},"end":{"line":78,"column":null}}},"fnMap":{"0":{"name":"(anonymous_12)","decl":{"start":{"line":26,"column":19},"end":{"line":26,"column":20}},"loc":{"start":{"line":26,"column":31},"end":{"line":26,"column":37}}},"1":{"name":"(anonymous_13)","decl":{"start":{"line":30,"column":17},"end":{"line":30,"column":22}},"loc":{"start":{"line":30,"column":22},"end":{"line":30,"column":27}}},"2":{"name":"(anonymous_14)","decl":{"start":{"line":35,"column":4},"end":{"line":35,"column":10}},"loc":{"start":{"line":35,"column":15},"end":{"line":43,"column":null}}},"3":{"name":"(anonymous_15)","decl":{"start":{"line":35,"column":15},"end":{"line":35,"column":null}},"loc":{"start":{"line":35,"column":15},"end":{"line":43,"column":null}}},"4":{"name":"(anonymous_17)","decl":{"start":{"line":78,"column":8},"end":{"line":78,"column":13}},"loc":{"start":{"line":78,"column":13},"end":{"line":78,"column":22}}}},"branchMap":{},"s":{"0":1,"1":1,"2":0,"3":0,"4":0,"5":0,"6":0},"f":{"0":0,"1":0,"2":0,"3":0,"4":0},"b":{}}
,"/Users/lisheng/mygit/vlbos/pacific-js/src/wyvern-schemas/src/schemas/main/index.ts": {"path":"/Users/lisheng/mygit/vlbos/pacific-js/src/wyvern-schemas/src/schemas/main/index.ts","statementMap":{"0":{"start":{"line":3,"column":0},"end":{"line":3,"column":43}},"1":{"start":{"line":4,"column":0},"end":{"line":4,"column":39}},"2":{"start":{"line":5,"column":0},"end":{"line":5,"column":47}},"3":{"start":{"line":14,"column":13},"end":{"line":25,"column":2}}},"fnMap":{},"branchMap":{},"s":{"0":1,"1":1,"2":1,"3":1},"f":{},"b":{}}
,"/Users/lisheng/mygit/vlbos/pacific-js/src/wyvern-schemas/src/tokens/index.ts": {"path":"/Users/lisheng/mygit/vlbos/pacific-js/src/wyvern-schemas/src/tokens/index.ts","statementMap":{"0":{"start":{"line":4,"column":0},"end":{"line":4,"column":42}},"1":{"start":{"line":5,"column":0},"end":{"line":5,"column":48}},"2":{"start":{"line":7,"column":13},"end":{"line":10,"column":2}}},"fnMap":{},"branchMap":{},"s":{"0":1,"1":1,"2":1},"f":{},"b":{}}
,"/Users/lisheng/mygit/vlbos/pacific-js/src/wyvern-schemas/src/tokens/main/index.ts": {"path":"/Users/lisheng/mygit/vlbos/pacific-js/src/wyvern-schemas/src/tokens/main/index.ts","statementMap":{"0":{"start":{"line":5,"column":13},"end":{"line":892,"column":2}}},"fnMap":{},"branchMap":{},"s":{"0":1},"f":{},"b":{}}
,"/Users/lisheng/mygit/vlbos/pacific-js/src/wyvern-schemas/src/tokens/rinkeby/index.ts": {"path":"/Users/lisheng/mygit/vlbos/pacific-js/src/wyvern-schemas/src/tokens/rinkeby/index.ts","statementMap":{"0":{"start":{"line":5,"column":13},"end":{"line":11,"column":2}}},"fnMap":{},"branchMap":{},"s":{"0":1},"f":{},"b":{}}
}
