TN:
SF:src/api.ts
FN:41,(anonymous_13)
FN:69,OpenSeaAPI
FN:85,(anonymous_15)
FN:95,(anonymous_16)
FN:119,(anonymous_19)
FN:138,(anonymous_22)
FN:171,(anonymous_25)
FN:190,(anonymous_28)
FN:196,(anonymous_29)
FN:208,(anonymous_30)
FN:236,(anonymous_33)
FN:252,(anonymous_36)
FN:264,(anonymous_37)
FN:284,(anonymous_40)
FN:292,(anonymous_41)
FN:307,(anonymous_44)
FN:319,(anonymous_47)
FN:329,(anonymous_48)
FN:345,(anonymous_51)
FN:368,(anonymous_54)
FN:381,(anonymous_57)
FN:396,(anonymous_60)
FN:396,(anonymous_61)
FN:399,(anonymous_63)
FN:444,_throwOrContinue
FNF:25
FNH:4
FNDA:1,(anonymous_13)
FNDA:3,OpenSeaAPI
FNDA:0,(anonymous_15)
FNDA:0,(anonymous_16)
FNDA:0,(anonymous_19)
FNDA:0,(anonymous_22)
FNDA:0,(anonymous_25)
FNDA:0,(anonymous_28)
FNDA:0,(anonymous_29)
FNDA:1,(anonymous_30)
FNDA:0,(anonymous_33)
FNDA:0,(anonymous_36)
FNDA:0,(anonymous_37)
FNDA:0,(anonymous_40)
FNDA:0,(anonymous_41)
FNDA:0,(anonymous_44)
FNDA:0,(anonymous_47)
FNDA:0,(anonymous_48)
FNDA:0,(anonymous_51)
FNDA:0,(anonymous_54)
FNDA:0,(anonymous_57)
FNDA:0,(anonymous_60)
FNDA:0,(anonymous_61)
FNDA:0,(anonymous_63)
FNDA:1,_throwOrContinue
DA:1,1
DA:2,1
DA:3,1
DA:5,1
DA:8,1
DA:9,1
DA:10,1
DA:24,1
DA:31,1
DA:41,1
DA:54,3
DA:70,3
DA:71,3
DA:72,3
DA:74,1
DA:75,1
DA:76,1
DA:79,2
DA:80,2
DA:81,2
DA:85,3
DA:95,1
DA:96,0
DA:99,0
DA:100,0
DA:103,0
DA:104,0
DA:105,0
DA:107,0
DA:119,1
DA:128,0
DA:130,0
DA:138,1
DA:147,0
DA:150,0
DA:151,0
DA:152,0
DA:154,0
DA:155,0
DA:157,0
DA:158,0
DA:160,0
DA:171,1
DA:172,0
DA:173,0
DA:185,0
DA:187,0
DA:188,0
DA:189,0
DA:190,0
DA:194,0
DA:195,0
DA:196,0
DA:208,1
DA:209,1
DA:214,2
DA:219,1
DA:222,1
DA:223,0
DA:224,0
DA:227,0
DA:236,1
DA:237,0
DA:238,0
DA:250,0
DA:251,0
DA:252,0
DA:264,1
DA:265,0
DA:266,0
DA:267,0
DA:272,0
DA:278,0
DA:279,0
DA:280,0
DA:283,0
DA:284,0
DA:292,1
DA:296,0
DA:298,0
DA:307,1
DA:308,0
DA:309,0
DA:312,0
DA:318,0
DA:319,0
DA:329,1
DA:331,0
DA:332,0
DA:334,0
DA:335,0
DA:345,1
DA:347,0
DA:357,0
DA:358,0
DA:368,1
DA:370,0
DA:381,1
DA:383,0
DA:384,0
DA:385,0
DA:386,0
DA:394,0
DA:396,0
DA:399,1
DA:400,0
DA:401,0
DA:402,0
DA:408,0
DA:409,0
DA:414,0
DA:416,0
DA:418,0
DA:421,0
DA:424,0
DA:425,0
DA:427,0
DA:428,0
DA:430,0
DA:431,0
DA:433,0
DA:434,0
DA:436,0
DA:437,0
DA:440,0
DA:442,1
DA:445,1
DA:449,1
DA:450,1
LF:129
LH:43
BRDA:73,0,0,1
BRDA:73,0,1,2
BRDA:73,0,2,2
BRDA:74,1,0,1
BRDA:74,1,1,1
BRDA:79,2,0,2
BRDA:79,2,1,2
BRDA:85,3,0,3
BRDA:85,3,1,1
BRDA:95,4,0,0
BRDA:95,4,1,0
BRDA:107,5,0,0
BRDA:147,6,0,0
BRDA:150,7,0,0
BRDA:150,7,1,0
BRDA:157,8,0,0
BRDA:157,8,1,0
BRDA:172,9,0,0
BRDA:172,9,1,0
BRDA:173,10,0,0
BRDA:173,10,1,0
BRDA:185,11,0,0
BRDA:187,12,0,0
BRDA:187,12,1,0
BRDA:214,13,0,1
BRDA:214,13,1,0
BRDA:227,14,0,0
BRDA:237,15,0,0
BRDA:237,15,1,0
BRDA:238,16,0,0
BRDA:238,16,1,0
BRDA:250,17,0,0
BRDA:265,18,0,0
BRDA:265,18,1,0
BRDA:266,19,0,0
BRDA:266,19,1,0
BRDA:267,20,0,0
BRDA:267,20,1,0
BRDA:283,21,0,0
BRDA:296,22,0,0
BRDA:298,23,0,0
BRDA:298,23,1,0
BRDA:308,24,0,0
BRDA:308,24,1,0
BRDA:309,25,0,0
BRDA:309,25,1,0
BRDA:312,26,0,0
BRDA:329,27,0,0
BRDA:329,27,1,0
BRDA:345,28,0,0
BRDA:345,28,1,0
BRDA:349,29,0,0
BRDA:349,29,1,0
BRDA:368,30,0,0
BRDA:368,30,1,0
BRDA:381,31,0,0
BRDA:381,31,1,0
BRDA:389,32,0,0
BRDA:389,32,1,0
BRDA:390,33,0,0
BRDA:390,33,1,0
BRDA:400,34,0,0
BRDA:400,34,1,0
BRDA:417,35,0,0
BRDA:417,35,1,0
BRDA:417,35,2,0
BRDA:417,35,3,0
BRDA:417,35,4,0
BRDA:417,35,5,0
BRDA:417,35,6,0
BRDA:419,36,0,0
BRDA:419,36,1,0
BRDA:418,37,0,0
BRDA:418,37,1,0
BRDA:445,38,0,1
BRDA:445,38,1,1
BRDA:445,38,2,1
BRDA:449,39,0,1
BRDA:449,39,1,0
BRDA:449,40,0,1
BRDA:449,40,1,1
BRF:81
BRH:16
end_of_record
TN:
SF:src/constants.ts
FNF:0
FNH:0
DA:1,1
DA:4,1
DA:5,1
DA:6,1
DA:7,1
DA:8,1
DA:9,1
DA:10,1
DA:11,1
DA:12,1
DA:13,1
DA:14,1
DA:15,1
DA:16,1
DA:17,1
DA:18,1
DA:19,1
DA:20,1
DA:21,1
DA:22,1
DA:23,1
DA:24,1
DA:25,1
DA:26,1
DA:27,1
DA:28,1
DA:29,1
DA:30,1
DA:31,1
DA:32,1
DA:33,1
DA:34,1
DA:35,1
DA:36,1
DA:37,1
DA:38,1
DA:39,1
DA:40,1
DA:41,1
DA:42,1
DA:43,1
DA:44,1
DA:45,1
DA:46,1
DA:47,1
DA:48,1
DA:49,1
DA:50,1
DA:51,1
DA:52,1
LF:50
LH:50
BRF:0
BRH:0
end_of_record
TN:
SF:src/debugging.ts
FN:13,(anonymous_12)
FN:15,(anonymous_13)
FN:21,(anonymous_14)
FN:25,(anonymous_15)
FN:36,requireOrdersCanMatch
FN:107,requireOrderCalldataCanMatch
FNF:6
FNH:2
FNDA:1,(anonymous_12)
FNDA:1,(anonymous_13)
FNDA:0,(anonymous_14)
FNDA:0,(anonymous_15)
FNDA:0,requireOrdersCanMatch
FNDA:0,requireOrderCalldataCanMatch
DA:5,1
DA:7,1
DA:13,1
DA:15,1
DA:17,1
DA:22,0
DA:26,0
DA:27,0
DA:36,1
DA:38,0
DA:41,0
DA:54,0
DA:55,0
DA:58,0
DA:59,0
DA:62,0
DA:63,0
DA:66,0
DA:67,0
DA:70,0
DA:71,0
DA:74,0
DA:75,0
DA:78,0
DA:79,0
DA:82,0
DA:83,0
DA:86,0
DA:87,0
DA:90,0
DA:91,0
DA:94,0
DA:95,0
DA:99,0
DA:107,1
DA:109,0
DA:112,0
DA:113,0
DA:114,0
DA:116,0
LF:40
LH:7
BRDA:13,0,0,1
BRDA:13,0,1,1
BRDA:15,1,0,1
BRDA:15,1,1,1
BRDA:22,2,0,0
BRDA:22,2,1,0
BRDA:27,3,0,0
BRDA:27,3,1,0
BRDA:27,3,2,0
BRDA:41,4,0,0
BRDA:54,5,0,0
BRDA:54,5,1,0
BRDA:58,6,0,0
BRDA:58,6,1,0
BRDA:58,7,0,0
BRDA:58,7,1,0
BRDA:62,8,0,0
BRDA:62,8,1,0
BRDA:66,9,0,0
BRDA:66,9,1,0
BRDA:70,10,0,0
BRDA:70,10,1,0
BRDA:70,11,0,0
BRDA:70,11,1,0
BRDA:74,12,0,0
BRDA:74,12,1,0
BRDA:74,13,0,0
BRDA:74,13,1,0
BRDA:78,14,0,0
BRDA:78,14,1,0
BRDA:78,15,0,0
BRDA:78,15,1,0
BRDA:78,15,2,0
BRDA:78,15,3,0
BRDA:82,16,0,0
BRDA:82,16,1,0
BRDA:86,17,0,0
BRDA:86,17,1,0
BRDA:90,18,0,0
BRDA:90,18,1,0
BRDA:94,19,0,0
BRDA:94,19,1,0
BRDA:113,20,0,0
BRDA:113,20,1,0
BRF:44
BRH:4
end_of_record
TN:
SF:src/index.ts
FNF:0
FNH:0
DA:1,1
DA:2,1
DA:3,1
DA:4,1
DA:25,1
DA:27,1
DA:32,1
LF:7
LH:7
BRF:0
BRH:0
end_of_record
TN:
SF:src/seaport.ts
FN:54,isValidAddress
FN:89,(anonymous_14)
FN:120,OpenSeaPort
FN:153,(anonymous_16)
FN:155,(anonymous_17)
FN:161,(anonymous_18)
FN:172,(anonymous_19)
FN:184,(anonymous_20)
FN:193,(anonymous_21)
FN:487,(anonymous_22)
FN:503,(anonymous_25)
FN:557,(anonymous_26)
FN:630,(anonymous_29)
FN:711,(anonymous_32)
FN:738,(anonymous_35)
FN:758,(anonymous_36)
FN:758,(anonymous_37)
FN:807,(anonymous_39)
FN:807,(anonymous_40)
FN:845,(anonymous_42)
FN:868,(anonymous_45)
FN:920,(anonymous_46)
FN:940,(anonymous_49)
FN:953,(anonymous_52)
FN:976,(anonymous_55)
FN:1265,(anonymous_58)
FN:1292,(anonymous_61)
FN:1394,(anonymous_64)
FN:1449,(anonymous_67)
FN:1547,(anonymous_70)
FN:1611,(anonymous_73)
FN:1638,(anonymous_76)
FN:1729,(anonymous_79)
FN:1756,(anonymous_82)
FN:1768,(anonymous_85)
FN:1781,(anonymous_86)
FN:1967,(anonymous_89)
FN:2050,(anonymous_92)
FN:2136,(anonymous_95)
FN:2214,(anonymous_98)
FN:2232,(anonymous_101)
FN:2300,(anonymous_102)
FN:2323,(anonymous_105)
FN:2324,(anonymous_106)
FN:2325,(anonymous_107)
FN:2393,(anonymous_108)
FN:2405,(anonymous_109)
FN:2420,(anonymous_110)
FN:2422,(anonymous_111)
FN:2495,(anonymous_112)
FN:2545,(anonymous_115)
FN:2562,(anonymous_118)
FN:2615,(anonymous_121)
FN:2635,(anonymous_124)
FN:2643,(anonymous_127)
FN:2746,(anonymous_130)
FN:2799,(anonymous_133)
FN:2830,(anonymous_136)
FN:2864,(anonymous_137)
FN:2897,(anonymous_138)
FN:2917,(anonymous_139)
FN:2970,(anonymous_140)
FN:3033,(anonymous_143)
FN:3041,(anonymous_144)
FN:3135,(anonymous_147)
FN:3148,(anonymous_150)
FN:3173,(anonymous_153)
FN:3175,(anonymous_154)
FN:3183,(anonymous_155)
FN:3191,(anonymous_156)
FN:3209,(anonymous_157)
FN:3243,(anonymous_160)
FN:3245,(anonymous_163)
FN:3245,(anonymous_164)
FN:3249,(anonymous_166)
FN:3249,(anonymous_167)
FNF:76
FNH:2
FNDA:0,isValidAddress
FNDA:1,(anonymous_14)
FNDA:1,OpenSeaPort
FNDA:0,(anonymous_16)
FNDA:0,(anonymous_17)
FNDA:0,(anonymous_18)
FNDA:0,(anonymous_19)
FNDA:0,(anonymous_20)
FNDA:0,(anonymous_21)
FNDA:0,(anonymous_22)
FNDA:0,(anonymous_25)
FNDA:0,(anonymous_26)
FNDA:0,(anonymous_29)
FNDA:0,(anonymous_32)
FNDA:0,(anonymous_35)
FNDA:0,(anonymous_36)
FNDA:0,(anonymous_37)
FNDA:0,(anonymous_39)
FNDA:0,(anonymous_40)
FNDA:0,(anonymous_42)
FNDA:0,(anonymous_45)
FNDA:0,(anonymous_46)
FNDA:0,(anonymous_49)
FNDA:0,(anonymous_52)
FNDA:0,(anonymous_55)
FNDA:0,(anonymous_58)
FNDA:0,(anonymous_61)
FNDA:0,(anonymous_64)
FNDA:0,(anonymous_67)
FNDA:0,(anonymous_70)
FNDA:0,(anonymous_73)
FNDA:0,(anonymous_76)
FNDA:0,(anonymous_79)
FNDA:0,(anonymous_82)
FNDA:0,(anonymous_85)
FNDA:0,(anonymous_86)
FNDA:0,(anonymous_89)
FNDA:0,(anonymous_92)
FNDA:0,(anonymous_95)
FNDA:0,(anonymous_98)
FNDA:0,(anonymous_101)
FNDA:0,(anonymous_102)
FNDA:0,(anonymous_105)
FNDA:0,(anonymous_106)
FNDA:0,(anonymous_107)
FNDA:0,(anonymous_108)
FNDA:0,(anonymous_109)
FNDA:0,(anonymous_110)
FNDA:0,(anonymous_111)
FNDA:0,(anonymous_112)
FNDA:0,(anonymous_115)
FNDA:0,(anonymous_118)
FNDA:0,(anonymous_121)
FNDA:0,(anonymous_124)
FNDA:0,(anonymous_127)
FNDA:0,(anonymous_130)
FNDA:0,(anonymous_133)
FNDA:0,(anonymous_136)
FNDA:0,(anonymous_137)
FNDA:0,(anonymous_138)
FNDA:0,(anonymous_139)
FNDA:0,(anonymous_140)
FNDA:0,(anonymous_143)
FNDA:0,(anonymous_144)
FNDA:0,(anonymous_147)
FNDA:0,(anonymous_150)
FNDA:0,(anonymous_153)
FNDA:0,(anonymous_154)
FNDA:0,(anonymous_155)
FNDA:0,(anonymous_156)
FNDA:0,(anonymous_157)
FNDA:0,(anonymous_160)
FNDA:0,(anonymous_163)
FNDA:0,(anonymous_164)
FNDA:0,(anonymous_166)
FNDA:0,(anonymous_167)
DA:2,1
DA:5,1
DA:7,1
DA:8,1
DA:9,1
DA:12,1
DA:13,1
DA:15,1
DA:16,1
DA:23,1
DA:30,1
DA:46,1
DA:51,1
DA:52,1
DA:54,0
DA:55,1
DA:87,1
DA:88,1
DA:89,1
DA:99,1
DA:101,1
DA:120,1
DA:123,1
DA:124,1
DA:125,1
DA:128,1
DA:134,1
DA:136,1
DA:137,1
DA:138,1
DA:150,1
DA:153,1
DA:155,1
DA:157,0
DA:158,0
DA:161,1
DA:163,0
DA:164,0
DA:172,1
DA:173,0
DA:176,0
DA:184,1
DA:185,0
DA:193,1
DA:194,0
DA:487,1
DA:488,0
DA:503,0
DA:504,0
DA:506,0
DA:522,0
DA:524,0
DA:530,0
DA:532,0
DA:533,0
DA:536,0
DA:540,0
DA:557,1
DA:558,0
DA:571,0
DA:573,0
DA:588,0
DA:590,0
DA:596,0
DA:598,0
DA:599,0
DA:602,0
DA:606,0
DA:630,1
DA:631,0
DA:649,0
DA:664,0
DA:666,0
DA:667,0
DA:670,0
DA:676,0
DA:678,0
DA:679,0
DA:682,0
DA:687,0
DA:711,1
DA:712,0
DA:730,0
DA:731,0
DA:734,0
DA:735,0
DA:738,0
DA:739,0
DA:743,0
DA:756,0
DA:758,0
DA:759,0
DA:773,0
DA:774,0
DA:777,0
DA:783,0
DA:785,0
DA:786,0
DA:789,0
DA:794,0
DA:797,0
DA:798,0
DA:799,0
DA:801,0
DA:807,0
DA:808,0
DA:809,0
DA:812,0
DA:814,0
DA:817,0
DA:820,0
DA:845,1
DA:846,0
DA:868,0
DA:870,0
DA:889,0
DA:891,0
DA:897,0
DA:899,0
DA:900,0
DA:903,0
DA:908,0
DA:920,1
DA:921,0
DA:929,0
DA:935,0
DA:937,0
DA:938,0
DA:940,0
DA:941,0
DA:942,0
DA:944,0
DA:953,1
DA:954,0
DA:961,0
DA:963,0
DA:964,0
DA:976,0
DA:977,0
DA:978,0
DA:1265,1
DA:1267,0
DA:1278,0
DA:1292,1
DA:1293,0
DA:1302,0
DA:1308,0
DA:1310,0
DA:1311,0
DA:1313,0
DA:1315,0
DA:1394,1
DA:1395,0
DA:1396,0
DA:1436,0
DA:1449,1
DA:1450,0
DA:1489,0
DA:1547,1
DA:1548,0
DA:1553,0
DA:1555,0
DA:1611,1
DA:1612,0
DA:1618,0
DA:1621,0
DA:1626,0
DA:1638,1
DA:1639,0
DA:1649,0
DA:1650,0
DA:1651,0
DA:1652,0
DA:1653,0
DA:1654,0
DA:1655,0
DA:1657,0
DA:1658,0
DA:1659,0
DA:1660,0
DA:1661,0
DA:1663,0
DA:1667,0
DA:1669,0
DA:1672,0
DA:1676,0
DA:1679,0
DA:1680,0
DA:1683,0
DA:1688,0
DA:1693,0
DA:1694,0
DA:1695,0
DA:1696,0
DA:1697,0
DA:1699,0
DA:1703,0
DA:1704,0
DA:1705,0
DA:1706,0
DA:1707,0
DA:1708,0
DA:1711,0
DA:1729,1
DA:1730,0
DA:1741,0
DA:1742,0
DA:1743,0
DA:1745,0
DA:1748,0
DA:1749,0
DA:1756,1
DA:1760,0
DA:1768,1
DA:1769,0
DA:1781,1
DA:1782,0
DA:1789,0
DA:1793,0
DA:1794,0
DA:1811,0
DA:1832,0
DA:1833,0
DA:1836,0
DA:1837,0
DA:1838,0
DA:1840,0
DA:1841,0
DA:1967,1
DA:1968,0
DA:1982,0
DA:1983,0
DA:1984,0
DA:1985,0
DA:1987,0
DA:1989,0
DA:1993,0
DA:1996,0
DA:1998,0
DA:2008,0
DA:2010,0
DA:2011,0
DA:2013,0
DA:2015,0
DA:2050,1
DA:2051,0
DA:2068,0
DA:2069,0
DA:2070,0
DA:2071,0
DA:2072,0
DA:2074,0
DA:2076,0
DA:2078,0
DA:2080,0
DA:2082,0
DA:2086,0
DA:2087,0
DA:2089,0
DA:2099,0
DA:2101,0
DA:2136,1
DA:2137,0
DA:2207,0
DA:2214,1
DA:2215,0
DA:2216,0
DA:2231,0
DA:2232,0
DA:2233,0
DA:2236,0
DA:2241,0
DA:2242,0
DA:2243,0
DA:2244,0
DA:2245,0
DA:2247,0
DA:2257,0
DA:2261,0
DA:2262,0
DA:2264,0
DA:2266,0
DA:2300,1
DA:2301,0
DA:2322,0
DA:2323,0
DA:2324,0
DA:2325,0
DA:2326,0
DA:2327,0
DA:2328,0
DA:2330,0
DA:2333,0
DA:2334,0
DA:2335,0
DA:2336,0
DA:2339,0
DA:2341,0
DA:2343,0
DA:2344,0
DA:2346,0
DA:2350,0
DA:2359,0
DA:2393,1
DA:2394,0
DA:2402,0
DA:2403,0
DA:2405,0
DA:2406,0
DA:2407,0
DA:2408,0
DA:2416,0
DA:2418,0
DA:2419,0
DA:2420,0
DA:2422,0
DA:2426,0
DA:2432,0
DA:2438,0
DA:2442,0
DA:2443,0
DA:2445,0
DA:2449,0
DA:2479,0
DA:2495,1
DA:2496,0
DA:2504,0
DA:2508,0
DA:2509,0
DA:2510,0
DA:2512,0
DA:2513,0
DA:2517,0
DA:2518,0
DA:2519,0
DA:2521,0
DA:2522,0
DA:2526,0
DA:2527,0
DA:2529,0
DA:2530,0
DA:2532,0
DA:2536,0
DA:2537,0
DA:2539,0
DA:2540,0
DA:2545,1
DA:2546,0
DA:2552,0
DA:2555,0
DA:2556,0
DA:2558,0
DA:2562,1
DA:2563,0
DA:2570,0
DA:2575,0
DA:2580,0
DA:2587,0
DA:2588,0
DA:2593,0
DA:2603,0
DA:2604,0
DA:2605,0
DA:2615,1
DA:2616,0
DA:2617,0
DA:2618,0
DA:2620,0
DA:2622,0
DA:2635,0
DA:2636,0
DA:2637,0
DA:2640,0
DA:2643,1
DA:2645,0
DA:2659,0
DA:2746,1
DA:2747,0
DA:2750,0
DA:2752,0
DA:2753,0
DA:2756,0
DA:2757,0
DA:2758,0
DA:2762,0
DA:2763,0
DA:2764,0
DA:2766,0
DA:2776,0
DA:2786,0
DA:2787,0
DA:2788,0
DA:2799,1
DA:2800,0
DA:2804,0
DA:2810,0
DA:2814,0
DA:2815,0
DA:2816,0
DA:2819,0
DA:2820,0
DA:2821,0
DA:2822,0
DA:2823,0
DA:2827,0
DA:2830,1
DA:2832,0
DA:2837,0
DA:2842,0
DA:2845,0
DA:2849,0
DA:2850,0
DA:2853,0
DA:2864,1
DA:2866,0
DA:2868,0
DA:2874,0
DA:2877,0
DA:2881,0
DA:2897,1
DA:2898,0
DA:2900,0
DA:2902,0
DA:2905,0
DA:2907,0
DA:2917,1
DA:2920,0
DA:2924,0
DA:2925,0
DA:2926,0
DA:2927,0
DA:2929,0
DA:2930,0
DA:2932,0
DA:2933,0
DA:2935,0
DA:2936,0
DA:2938,0
DA:2939,0
DA:2941,0
DA:2942,0
DA:2945,0
DA:2946,0
DA:2949,0
DA:2952,0
DA:2955,0
DA:2970,1
DA:2976,0
DA:2980,0
DA:2983,0
DA:2984,0
DA:2985,0
DA:2986,0
DA:2989,0
DA:2990,0
DA:2992,0
DA:2993,0
DA:2995,0
DA:2996,0
DA:2998,0
DA:2999,0
DA:3001,0
DA:3002,0
DA:3004,0
DA:3005,0
DA:3007,0
DA:3008,0
DA:3010,0
DA:3011,0
DA:3016,0
DA:3020,0
DA:3024,0
DA:3030,0
DA:3033,1
DA:3034,0
DA:3035,0
DA:3036,0
DA:3038,0
DA:3041,1
DA:3042,0
DA:3046,0
DA:3047,0
DA:3049,0
DA:3051,0
DA:3052,0
DA:3054,0
DA:3056,0
DA:3057,0
DA:3060,0
DA:3061,0
DA:3067,0
DA:3069,0
DA:3072,0
DA:3073,0
DA:3100,0
DA:3102,0
DA:3104,0
DA:3105,0
DA:3108,0
DA:3109,0
DA:3113,0
DA:3114,0
DA:3115,0
DA:3118,0
DA:3120,0
DA:3122,0
DA:3127,0
DA:3132,0
DA:3135,1
DA:3136,0
DA:3137,0
DA:3139,0
DA:3142,0
DA:3143,0
DA:3144,0
DA:3145,0
DA:3148,1
DA:3151,0
DA:3152,0
DA:3154,0
DA:3156,0
DA:3159,0
DA:3162,0
DA:3163,0
DA:3165,0
DA:3168,0
DA:3169,0
DA:3173,1
DA:3174,0
DA:3175,0
DA:3177,0
DA:3178,0
DA:3180,0
DA:3183,1
DA:3184,0
DA:3191,1
DA:3192,0
DA:3194,0
DA:3196,0
DA:3202,0
DA:3209,1
DA:3211,0
DA:3212,0
DA:3214,0
DA:3216,0
DA:3218,0
DA:3220,0
DA:3221,0
DA:3222,0
DA:3225,0
DA:3230,0
DA:3231,0
DA:3232,0
DA:3233,0
DA:3235,0
DA:3236,0
DA:3239,0
DA:3243,1
DA:3245,0
DA:3247,0
DA:3249,0
DA:3251,0
DA:3252,0
DA:3253,0
DA:3254,0
DA:3255,0
DA:3256,0
DA:3257,0
DA:3260,0
DA:3261,0
DA:3263,0
DA:3264,0
DA:3267,0
DA:3270,1
LF:574
LH:82
BRDA:120,0,0,0
BRDA:120,0,1,1
BRDA:123,1,0,1
BRDA:123,1,1,0
BRDA:124,2,0,1
BRDA:124,2,1,1
BRDA:153,3,0,1
BRDA:153,3,1,0
BRDA:172,4,0,0
BRDA:172,4,1,0
BRDA:174,5,0,0
BRDA:174,5,1,0
BRDA:488,6,0,0
BRDA:488,6,1,0
BRDA:503,7,0,0
BRDA:503,7,1,0
BRDA:504,8,0,0
BRDA:504,8,1,0
BRDA:558,9,0,0
BRDA:558,9,1,0
BRDA:558,10,0,0
BRDA:558,10,1,0
BRDA:571,11,0,0
BRDA:571,11,1,0
BRDA:631,12,0,0
BRDA:631,12,1,0
BRDA:631,13,0,0
BRDA:631,13,1,0
BRDA:631,14,0,0
BRDA:631,14,1,0
BRDA:631,15,0,0
BRDA:631,15,1,0
BRDA:649,16,0,0
BRDA:659,17,0,0
BRDA:659,17,1,0
BRDA:661,18,0,0
BRDA:661,18,1,0
BRDA:666,19,0,0
BRDA:666,19,1,0
BRDA:712,20,0,0
BRDA:712,20,1,0
BRDA:712,21,0,0
BRDA:712,21,1,0
BRDA:712,22,0,0
BRDA:712,22,1,0
BRDA:712,23,0,0
BRDA:712,23,1,0
BRDA:712,24,0,0
BRDA:712,24,1,0
BRDA:820,25,0,0
BRDA:730,26,0,0
BRDA:730,26,1,0
BRDA:734,27,0,0
BRDA:734,27,1,0
BRDA:734,28,0,0
BRDA:734,28,1,0
BRDA:738,29,0,0
BRDA:738,29,1,0
BRDA:752,30,0,0
BRDA:752,30,1,0
BRDA:754,31,0,0
BRDA:754,31,1,0
BRDA:759,32,0,0
BRDA:768,33,0,0
BRDA:768,33,1,0
BRDA:770,34,0,0
BRDA:770,34,1,0
BRDA:773,35,0,0
BRDA:773,35,1,0
BRDA:801,36,0,0
BRDA:801,36,1,0
BRDA:846,37,0,0
BRDA:846,37,1,0
BRDA:846,38,0,0
BRDA:846,38,1,0
BRDA:846,39,0,0
BRDA:846,39,1,0
BRDA:868,40,0,0
BRDA:868,40,1,0
BRDA:884,41,0,0
BRDA:884,41,1,0
BRDA:886,42,0,0
BRDA:886,42,1,0
BRDA:932,43,0,0
BRDA:932,43,1,0
BRDA:941,44,0,0
BRDA:977,45,0,0
BRDA:1267,46,0,0
BRDA:1305,47,0,0
BRDA:1305,47,1,0
BRDA:1313,48,0,0
BRDA:1313,48,1,0
BRDA:1315,49,0,0
BRDA:1315,49,1,0
BRDA:1396,50,0,0
BRDA:1396,50,1,0
BRDA:1450,51,0,0
BRDA:1450,51,1,0
BRDA:1553,52,0,0
BRDA:1553,52,1,0
BRDA:1612,53,0,0
BRDA:1612,53,1,0
BRDA:1618,54,0,0
BRDA:1618,54,1,0
BRDA:1639,55,0,0
BRDA:1639,55,1,0
BRDA:1639,56,0,0
BRDA:1639,56,1,0
BRDA:1657,57,0,0
BRDA:1657,57,1,0
BRDA:1667,58,0,0
BRDA:1667,58,1,0
BRDA:1667,59,0,0
BRDA:1667,59,1,0
BRDA:1670,60,0,0
BRDA:1670,60,1,0
BRDA:1673,61,0,0
BRDA:1673,61,1,0
BRDA:1689,62,0,0
BRDA:1689,62,1,0
BRDA:1694,63,0,0
BRDA:1694,63,1,0
BRDA:1694,64,0,0
BRDA:1694,64,1,0
BRDA:1696,65,0,0
BRDA:1696,65,1,0
BRDA:1703,66,0,0
BRDA:1703,66,1,0
BRDA:1730,67,0,0
BRDA:1741,68,0,0
BRDA:1741,68,1,0
BRDA:1782,69,0,0
BRDA:1782,69,1,0
BRDA:1789,70,0,0
BRDA:1789,70,1,0
BRDA:1841,71,0,0
BRDA:1793,72,0,0
BRDA:1793,72,1,0
BRDA:1793,73,0,0
BRDA:1793,73,1,0
BRDA:1822,74,0,0
BRDA:1822,74,1,0
BRDA:1823,75,0,0
BRDA:1823,75,1,0
BRDA:1826,76,0,0
BRDA:1826,76,1,0
BRDA:1827,77,0,0
BRDA:1827,77,1,0
BRDA:1828,78,0,0
BRDA:1828,78,1,0
BRDA:1829,79,0,0
BRDA:1829,79,1,0
BRDA:1836,80,0,0
BRDA:1836,80,1,0
BRDA:1968,81,0,0
BRDA:1968,81,1,0
BRDA:1968,82,0,0
BRDA:1968,82,1,0
BRDA:1984,83,0,0
BRDA:1984,83,1,0
BRDA:1990,84,0,0
BRDA:1990,84,1,0
BRDA:2051,85,0,0
BRDA:2051,85,1,0
BRDA:2070,86,0,0
BRDA:2070,86,1,0
BRDA:2083,87,0,0
BRDA:2083,87,1,0
BRDA:2082,88,0,0
BRDA:2082,88,1,0
BRDA:2112,89,0,0
BRDA:2112,89,1,0
BRDA:2215,90,0,0
BRDA:2215,90,1,0
BRDA:2216,91,0,0
BRDA:2216,91,1,0
BRDA:2232,92,0,0
BRDA:2232,92,1,0
BRDA:2237,93,0,0
BRDA:2237,93,1,0
BRDA:2241,94,0,0
BRDA:2241,94,1,0
BRDA:2301,95,0,0
BRDA:2301,95,1,0
BRDA:2323,96,0,0
BRDA:2323,96,1,0
BRDA:2333,97,0,0
BRDA:2333,97,1,0
BRDA:2347,98,0,0
BRDA:2347,98,1,0
BRDA:2346,99,0,0
BRDA:2346,99,1,0
BRDA:2370,100,0,0
BRDA:2370,100,1,0
BRDA:2406,101,0,0
BRDA:2406,101,1,0
BRDA:2416,102,0,0
BRDA:2416,102,1,0
BRDA:2420,103,0,0
BRDA:2420,103,1,0
BRDA:2424,104,0,0
BRDA:2424,104,1,0
BRDA:2446,105,0,0
BRDA:2446,105,1,0
BRDA:2496,106,0,0
BRDA:2496,106,1,0
BRDA:2496,107,0,0
BRDA:2496,107,1,0
BRDA:2504,108,0,0
BRDA:2504,108,1,0
BRDA:2526,109,0,0
BRDA:2526,109,1,0
BRDA:2508,110,0,0
BRDA:2508,110,1,0
BRDA:2512,111,0,0
BRDA:2512,111,1,0
BRDA:2517,112,0,0
BRDA:2517,112,1,0
BRDA:2521,113,0,0
BRDA:2521,113,1,0
BRDA:2536,114,0,0
BRDA:2536,114,1,0
BRDA:2553,115,0,0
BRDA:2553,115,1,0
BRDA:2555,116,0,0
BRDA:2555,116,1,0
BRDA:2555,117,0,0
BRDA:2555,117,1,0
BRDA:2571,118,0,0
BRDA:2571,118,1,0
BRDA:2573,119,0,0
BRDA:2573,119,1,0
BRDA:2576,120,0,0
BRDA:2576,120,1,0
BRDA:2575,121,0,0
BRDA:2575,121,1,0
BRDA:2578,122,0,0
BRDA:2578,122,1,0
BRDA:2587,123,0,0
BRDA:2587,123,1,0
BRDA:2603,124,0,0
BRDA:2603,124,1,0
BRDA:2636,125,0,0
BRDA:2645,126,0,0
BRDA:2655,127,0,0
BRDA:2655,127,1,0
BRDA:2656,128,0,0
BRDA:2656,128,1,0
BRDA:2657,129,0,0
BRDA:2657,129,1,0
BRDA:2776,130,0,0
BRDA:2752,131,0,0
BRDA:2752,131,1,0
BRDA:2757,132,0,0
BRDA:2757,132,1,0
BRDA:2762,133,0,0
BRDA:2762,133,1,0
BRDA:2763,134,0,0
BRDA:2763,134,1,0
BRDA:2786,135,0,0
BRDA:2786,135,1,0
BRDA:2827,136,0,0
BRDA:2805,137,0,0
BRDA:2805,137,1,0
BRDA:2811,138,0,0
BRDA:2811,138,1,0
BRDA:2815,139,0,0
BRDA:2815,139,1,0
BRDA:2819,140,0,0
BRDA:2819,140,1,0
BRDA:2820,141,0,0
BRDA:2820,141,1,0
BRDA:2822,142,0,0
BRDA:2822,142,1,0
BRDA:2837,143,0,0
BRDA:2837,143,1,0
BRDA:2843,144,0,0
BRDA:2843,144,1,0
BRDA:2846,145,0,0
BRDA:2846,145,1,0
BRDA:2864,146,0,0
BRDA:2864,146,1,0
BRDA:2869,147,0,0
BRDA:2869,147,1,0
BRDA:2875,148,0,0
BRDA:2875,148,1,0
BRDA:2878,149,0,0
BRDA:2878,149,1,0
BRDA:2900,150,0,0
BRDA:2900,150,1,0
BRDA:2900,151,0,0
BRDA:2900,151,1,0
BRDA:2905,152,0,0
BRDA:2905,152,1,0
BRDA:2905,153,0,0
BRDA:2905,153,1,0
BRDA:2920,154,0,0
BRDA:2920,154,1,0
BRDA:2926,155,0,0
BRDA:2926,155,1,0
BRDA:2926,156,0,0
BRDA:2926,156,1,0
BRDA:2929,157,0,0
BRDA:2929,157,1,0
BRDA:2929,158,0,0
BRDA:2929,158,1,0
BRDA:2932,159,0,0
BRDA:2932,159,1,0
BRDA:2932,160,0,0
BRDA:2932,160,1,0
BRDA:2932,160,2,0
BRDA:2935,161,0,0
BRDA:2935,161,1,0
BRDA:2935,162,0,0
BRDA:2935,162,1,0
BRDA:2938,163,0,0
BRDA:2938,163,1,0
BRDA:2938,164,0,0
BRDA:2938,164,1,0
BRDA:2941,165,0,0
BRDA:2941,165,1,0
BRDA:2945,166,0,0
BRDA:2945,166,1,0
BRDA:2952,167,0,0
BRDA:2952,167,1,0
BRDA:2976,168,0,0
BRDA:2976,168,1,0
BRDA:2981,169,0,0
BRDA:2981,169,1,0
BRDA:2989,170,0,0
BRDA:2989,170,1,0
BRDA:2989,171,0,0
BRDA:2989,171,1,0
BRDA:2989,171,2,0
BRDA:2992,172,0,0
BRDA:2992,172,1,0
BRDA:2992,173,0,0
BRDA:2992,173,1,0
BRDA:2995,174,0,0
BRDA:2995,174,1,0
BRDA:2995,175,0,0
BRDA:2995,175,1,0
BRDA:2998,176,0,0
BRDA:2998,176,1,0
BRDA:2998,177,0,0
BRDA:2998,177,1,0
BRDA:3001,178,0,0
BRDA:3001,178,1,0
BRDA:3004,179,0,0
BRDA:3004,179,1,0
BRDA:3004,180,0,0
BRDA:3004,180,1,0
BRDA:3007,181,0,0
BRDA:3007,181,1,0
BRDA:3007,182,0,0
BRDA:3007,182,1,0
BRDA:3010,183,0,0
BRDA:3010,183,1,0
BRDA:3010,184,0,0
BRDA:3010,184,1,0
BRDA:3017,185,0,0
BRDA:3017,185,1,0
BRDA:3021,186,0,0
BRDA:3021,186,1,0
BRDA:3025,187,0,0
BRDA:3025,187,1,0
BRDA:3026,188,0,0
BRDA:3026,188,1,0
BRDA:3034,189,0,0
BRDA:3034,189,1,0
BRDA:3035,190,0,0
BRDA:3035,190,1,0
BRDA:3035,191,0,0
BRDA:3035,191,1,0
BRDA:3042,192,0,0
BRDA:3042,192,1,0
BRDA:3067,193,0,0
BRDA:3049,194,0,0
BRDA:3049,194,1,0
BRDA:3054,195,0,0
BRDA:3054,195,1,0
BRDA:3060,196,0,0
BRDA:3060,196,1,0
BRDA:3085,197,0,0
BRDA:3085,197,1,0
BRDA:3086,198,0,0
BRDA:3086,198,1,0
BRDA:3089,199,0,0
BRDA:3089,199,1,0
BRDA:3090,200,0,0
BRDA:3090,200,1,0
BRDA:3091,201,0,0
BRDA:3091,201,1,0
BRDA:3092,202,0,0
BRDA:3092,202,1,0
BRDA:3128,203,0,0
BRDA:3128,203,1,0
BRDA:3136,204,0,0
BRDA:3165,205,0,0
BRDA:3159,206,0,0
BRDA:3159,206,1,0
BRDA:3174,207,0,0
BRDA:3174,207,1,0
BRDA:3177,208,0,0
BRDA:3177,208,1,0
BRDA:3192,209,0,0
BRDA:3192,209,1,0
BRDA:3194,210,0,0
BRDA:3194,210,1,0
BRDA:3225,211,0,0
BRDA:3225,211,1,0
BRDA:3214,212,0,0
BRDA:3214,212,1,0
BRDA:3218,213,0,0
BRDA:3218,213,1,0
BRDA:3251,214,0,0
BRDA:3252,215,0,0
BRDA:3252,215,1,0
BRDA:3256,216,0,0
BRDA:3256,216,1,0
BRDA:3260,217,0,0
BRDA:3260,217,1,0
BRF:422
BRH:5
end_of_record
TN:
SF:src/types.ts
FN:33,(anonymous_0)
FN:108,(anonymous_1)
FN:118,(anonymous_2)
FN:128,(anonymous_3)
FN:137,(anonymous_4)
FN:145,(anonymous_5)
FN:166,(anonymous_6)
FN:175,(anonymous_7)
FN:405,(anonymous_8)
FN:414,(anonymous_9)
FNF:10
FNH:10
FNDA:1,(anonymous_0)
FNDA:1,(anonymous_1)
FNDA:1,(anonymous_2)
FNDA:1,(anonymous_3)
FNDA:1,(anonymous_4)
FNDA:1,(anonymous_5)
FNDA:1,(anonymous_6)
FNDA:1,(anonymous_7)
FNDA:1,(anonymous_8)
FNDA:1,(anonymous_9)
DA:2,1
DA:13,1
DA:14,1
DA:33,1
DA:35,1
DA:36,1
DA:37,1
DA:38,1
DA:41,1
DA:42,1
DA:43,1
DA:44,1
DA:45,1
DA:46,1
DA:47,1
DA:50,1
DA:51,1
DA:52,1
DA:53,1
DA:55,1
DA:58,1
DA:59,1
DA:62,1
DA:63,1
DA:64,1
DA:65,1
DA:108,1
DA:109,1
DA:110,1
DA:118,1
DA:119,1
DA:120,1
DA:128,1
DA:129,1
DA:130,1
DA:137,1
DA:138,1
DA:139,1
DA:140,1
DA:141,1
DA:145,1
DA:146,1
DA:147,1
DA:148,1
DA:149,1
DA:150,1
DA:166,1
DA:167,1
DA:168,1
DA:169,1
DA:170,1
DA:171,1
DA:172,1
DA:175,1
DA:176,1
DA:177,1
DA:178,1
DA:405,1
DA:406,1
DA:407,1
DA:408,1
DA:414,1
DA:415,1
DA:416,1
DA:417,1
DA:418,1
DA:419,1
DA:420,1
DA:421,1
DA:422,1
DA:423,1
DA:424,1
DA:425,1
LF:73
LH:73
BRDA:33,0,0,1
BRDA:33,0,1,1
BRDA:108,1,0,1
BRDA:108,1,1,1
BRDA:118,2,0,1
BRDA:118,2,1,1
BRDA:128,3,0,1
BRDA:128,3,1,1
BRDA:137,4,0,1
BRDA:137,4,1,1
BRDA:145,5,0,1
BRDA:145,5,1,1
BRDA:166,6,0,1
BRDA:166,6,1,1
BRDA:175,7,0,1
BRDA:175,7,1,1
BRDA:405,8,0,1
BRDA:405,8,1,1
BRDA:414,9,0,1
BRDA:414,9,1,1
BRF:20
BRH:20
end_of_record
TN:
SF:src/orders/src/lib/submit-signed-tx.ts
FN:3,submit
FN:5,(anonymous_13)
FN:6,(anonymous_14)
FN:8,(anonymous_15)
FN:8,(anonymous_16)
FN:25,(anonymous_18)
FN:47,users
FNF:7
FNH:0
FNDA:0,submit
FNDA:0,(anonymous_13)
FNDA:0,(anonymous_14)
FNDA:0,(anonymous_15)
FNDA:0,(anonymous_16)
FNDA:0,(anonymous_18)
FNDA:0,users
DA:1,1
DA:3,1
DA:4,0
DA:5,0
DA:6,0
DA:7,0
DA:8,0
DA:24,0
DA:25,0
DA:26,0
DA:27,0
DA:30,0
DA:31,0
DA:32,0
DA:33,0
DA:34,0
DA:35,0
DA:38,0
DA:39,0
DA:42,0
DA:47,1
DA:48,0
DA:49,0
LF:23
LH:3
BRDA:5,0,0,0
BRDA:5,0,1,0
BRDA:5,1,0,0
BRDA:5,1,1,0
BRDA:26,2,0,0
BRDA:26,2,1,0
BRDA:26,3,0,0
BRDA:26,3,1,0
BRDA:31,4,0,0
BRDA:31,4,1,0
BRDA:32,5,0,0
BRDA:32,5,1,0
BRF:12
BRH:0
end_of_record
TN:
SF:src/utils/utils.ts
FN:193,(anonymous_13)
FN:193,(anonymous_14)
FN:194,(anonymous_16)
FN:205,(anonymous_17)
FN:245,(anonymous_18)
FN:248,(anonymous_19)
FN:253,(anonymous_20)
FN:264,(anonymous_21)
FN:278,(anonymous_22)
FN:287,(anonymous_23)
FN:293,(anonymous_24)
FN:313,(anonymous_25)
FN:333,(anonymous_26)
FN:361,(anonymous_27)
FN:376,(anonymous_28)
FN:439,(anonymous_29)
FN:513,isContractAddress
FN:523,makeBigNumber
FN:729,estimateCurrentPrice
FN:769,getWyvernAsset
FN:794,getWyvernBundle
FN:840,getOrderHash
FN:859,assignOrdersToSides
FN:888,canSettleOrder
FN:901,(anonymous_42)
FN:915,delay
FN:916,(anonymous_46)
FN:924,validateAndFormatWalletAddress
FN:941,onDeprecated
FNF:29
FNH:1
FNDA:0,(anonymous_13)
FNDA:0,(anonymous_14)
FNDA:0,(anonymous_16)
FNDA:0,(anonymous_17)
FNDA:0,(anonymous_18)
FNDA:0,(anonymous_19)
FNDA:0,(anonymous_20)
FNDA:0,(anonymous_21)
FNDA:0,(anonymous_22)
FNDA:0,(anonymous_23)
FNDA:0,(anonymous_24)
FNDA:0,(anonymous_25)
FNDA:0,(anonymous_26)
FNDA:0,(anonymous_27)
FNDA:0,(anonymous_28)
FNDA:0,(anonymous_29)
FNDA:0,isContractAddress
FNDA:1,makeBigNumber
FNDA:0,estimateCurrentPrice
FNDA:0,getWyvernAsset
FNDA:0,getWyvernBundle
FNDA:0,getOrderHash
FNDA:0,assignOrdersToSides
FNDA:0,canSettleOrder
FNDA:0,(anonymous_42)
FNDA:0,delay
FNDA:0,(anonymous_46)
FNDA:0,validateAndFormatWalletAddress
FNDA:0,onDeprecated
DA:1,2
DA:2,1
DA:14,1
DA:40,1
DA:50,1
DA:105,1
DA:115,1
DA:193,1
DA:194,0
DA:197,0
DA:205,1
DA:206,0
DA:207,0
DA:208,0
DA:244,0
DA:245,0
DA:247,0
DA:248,0
DA:250,0
DA:253,1
DA:254,0
DA:264,1
DA:265,0
DA:278,1
DA:279,0
DA:287,1
DA:288,0
DA:293,1
DA:295,0
DA:310,0
DA:313,1
DA:314,0
DA:333,1
DA:334,0
DA:336,0
DA:361,1
DA:363,0
DA:373,0
DA:376,1
DA:378,0
DA:380,0
DA:430,0
DA:432,0
DA:439,1
DA:440,0
DA:479,0
DA:513,1
DA:515,0
DA:516,0
DA:523,1
DA:525,1
DA:526,0
DA:529,1
DA:530,1
DA:729,1
DA:730,0
DA:731,0
DA:733,0
DA:734,0
DA:735,0
DA:736,0
DA:737,0
DA:739,0
DA:741,0
DA:743,0
DA:744,0
DA:747,0
DA:755,0
DA:757,0
DA:760,0
DA:769,1
DA:772,0
DA:775,0
DA:779,0
DA:794,1
DA:832,0
DA:840,1
DA:841,0
DA:851,0
DA:859,1
DA:861,0
DA:865,0
DA:866,0
DA:867,0
DA:874,0
DA:875,0
DA:883,0
DA:892,0
DA:894,0
DA:895,0
DA:896,0
DA:897,0
DA:898,0
DA:901,0
DA:915,1
DA:916,0
DA:924,1
DA:925,0
DA:926,0
DA:931,0
DA:932,0
DA:934,0
DA:941,1
DA:942,0
LF:104
LH:32
BRDA:206,0,0,0
BRDA:206,0,1,0
BRDA:207,1,0,0
BRDA:207,1,1,0
BRDA:216,2,0,0
BRDA:216,2,1,0
BRDA:217,3,0,0
BRDA:217,3,1,0
BRDA:218,4,0,0
BRDA:218,4,1,0
BRDA:223,5,0,0
BRDA:223,5,1,0
BRDA:222,6,0,0
BRDA:222,6,1,0
BRDA:224,7,0,0
BRDA:224,7,1,0
BRDA:233,8,0,0
BRDA:233,8,1,0
BRDA:234,9,0,0
BRDA:234,9,1,0
BRDA:237,10,0,0
BRDA:237,10,1,0
BRDA:240,11,0,0
BRDA:240,11,1,0
BRDA:244,12,0,0
BRDA:244,12,1,0
BRDA:244,13,0,0
BRDA:244,13,1,0
BRDA:247,14,0,0
BRDA:247,14,1,0
BRDA:247,15,0,0
BRDA:247,15,1,0
BRDA:259,16,0,0
BRDA:259,16,1,0
BRDA:260,17,0,0
BRDA:260,17,1,0
BRDA:283,18,0,0
BRDA:283,18,1,0
BRDA:299,19,0,0
BRDA:299,19,1,0
BRDA:307,20,0,0
BRDA:307,20,1,0
BRDA:346,21,0,0
BRDA:346,21,1,0
BRDA:381,22,0,0
BRDA:381,22,1,0
BRDA:382,23,0,0
BRDA:382,23,1,0
BRDA:385,24,0,0
BRDA:385,24,1,0
BRDA:396,25,0,0
BRDA:396,25,1,0
BRDA:412,26,0,0
BRDA:412,26,1,0
BRDA:413,27,0,0
BRDA:413,27,1,0
BRDA:424,28,0,0
BRDA:424,28,1,0
BRDA:425,29,0,0
BRDA:425,29,1,0
BRDA:426,30,0,0
BRDA:426,30,1,0
BRDA:462,31,0,0
BRDA:462,31,1,0
BRDA:465,32,0,0
BRDA:465,32,1,0
BRDA:525,33,0,0
BRDA:525,33,1,1
BRDA:729,34,0,0
BRDA:729,34,1,0
BRDA:729,35,0,0
BRDA:729,35,1,0
BRDA:741,36,0,0
BRDA:741,36,1,0
BRDA:743,37,0,0
BRDA:743,37,1,0
BRDA:749,38,0,0
BRDA:749,38,1,0
BRDA:755,39,0,0
BRDA:755,39,1,0
BRDA:755,40,0,0
BRDA:755,40,1,0
BRDA:760,41,0,0
BRDA:760,41,1,0
BRDA:772,42,0,0
BRDA:772,42,1,0
BRDA:776,43,0,0
BRDA:776,43,1,0
BRDA:865,44,0,0
BRDA:865,44,1,0
BRDA:894,45,0,0
BRDA:894,45,1,0
BRDA:896,46,0,0
BRDA:896,46,1,0
BRDA:925,47,0,0
BRDA:925,47,1,0
BRDA:931,48,0,0
BRDA:931,48,1,0
BRF:98
BRH:1
end_of_record
TN:
SF:src/wyvern-js/wyvernProtocol.ts
FN:46,(anonymous_0)
FN:112,(anonymous_2)
FNF:2
FNH:1
FNDA:1,(anonymous_0)
FNDA:0,(anonymous_2)
DA:2,1
DA:37,1
DA:46,1
DA:48,1
DA:50,1
DA:112,1
DA:115,0
DA:116,0
DA:117,0
DA:118,0
DA:481,1
LF:11
LH:7
BRF:0
BRH:0
end_of_record
TN:
SF:src/wyvern-js/src/types.ts
FN:18,(anonymous_0)
FN:23,(anonymous_1)
FN:29,(anonymous_2)
FN:36,(anonymous_3)
FN:43,(anonymous_4)
FN:132,(anonymous_5)
FN:139,(anonymous_6)
FN:155,(anonymous_7)
FNF:8
FNH:8
FNDA:1,(anonymous_0)
FNDA:1,(anonymous_1)
FNDA:1,(anonymous_2)
FNDA:1,(anonymous_3)
FNDA:1,(anonymous_4)
FNDA:1,(anonymous_5)
FNDA:1,(anonymous_6)
FNDA:1,(anonymous_7)
DA:18,1
DA:19,1
DA:20,1
DA:23,1
DA:24,1
DA:25,1
DA:26,1
DA:29,1
DA:30,1
DA:31,1
DA:32,1
DA:33,1
DA:36,1
DA:37,1
DA:38,1
DA:39,1
DA:40,1
DA:43,1
DA:44,1
DA:45,1
DA:46,1
DA:47,1
DA:132,1
DA:133,1
DA:134,1
DA:135,1
DA:136,1
DA:139,1
DA:140,1
DA:141,1
DA:142,1
DA:143,1
DA:144,1
DA:145,1
DA:155,1
DA:156,1
DA:157,1
DA:158,1
DA:159,1
LF:39
LH:39
BRDA:18,0,0,1
BRDA:18,0,1,1
BRDA:23,1,0,1
BRDA:23,1,1,1
BRDA:29,2,0,1
BRDA:29,2,1,1
BRDA:36,3,0,1
BRDA:36,3,1,1
BRDA:43,4,0,1
BRDA:43,4,1,1
BRDA:132,5,0,1
BRDA:132,5,1,1
BRDA:139,6,0,1
BRDA:139,6,1,1
BRDA:155,7,0,1
BRDA:155,7,1,1
BRF:16
BRH:16
end_of_record
TN:
SF:src/wyvern-schemas/src/index.ts
FNF:0
FNH:0
DA:19,1
DA:20,1
LF:2
LH:2
BRF:0
BRH:0
end_of_record
TN:
SF:src/wyvern-schemas/src/schemas/index.ts
FNF:0
FNH:0
DA:4,1
DA:7,1
LF:2
LH:2
BRF:0
BRH:0
end_of_record
TN:
SF:src/wyvern-schemas/src/schemas/ERC1155/index.ts
FN:28,(anonymous_12)
FN:33,(anonymous_13)
FN:39,(anonymous_14)
FN:39,(anonymous_15)
FN:86,(anonymous_17)
FNF:5
FNH:0
FNDA:0,(anonymous_12)
FNDA:0,(anonymous_13)
FNDA:0,(anonymous_14)
FNDA:0,(anonymous_15)
FNDA:0,(anonymous_17)
DA:3,1
DA:16,1
DA:28,0
DA:33,0
DA:39,0
DA:40,0
DA:86,0
LF:7
LH:2
BRF:0
BRH:0
end_of_record
TN:
SF:src/wyvern-schemas/src/schemas/ERC20/index.ts
FN:26,(anonymous_12)
FN:30,(anonymous_13)
FN:35,(anonymous_14)
FN:35,(anonymous_15)
FN:79,(anonymous_17)
FNF:5
FNH:0
FNDA:0,(anonymous_12)
FNDA:0,(anonymous_13)
FNDA:0,(anonymous_14)
FNDA:0,(anonymous_15)
FNDA:0,(anonymous_17)
DA:3,1
DA:15,1
DA:26,0
DA:30,0
DA:35,0
DA:36,0
DA:79,0
LF:7
LH:2
BRF:0
BRH:0
end_of_record
TN:
SF:src/wyvern-schemas/src/schemas/ERC721/index.ts
FN:26,(anonymous_12)
FN:30,(anonymous_13)
FN:35,(anonymous_14)
FN:35,(anonymous_15)
FN:78,(anonymous_17)
FNF:5
FNH:0
FNDA:0,(anonymous_12)
FNDA:0,(anonymous_13)
FNDA:0,(anonymous_14)
FNDA:0,(anonymous_15)
FNDA:0,(anonymous_17)
DA:3,1
DA:15,1
DA:26,0
DA:30,0
DA:35,0
DA:36,0
DA:78,0
LF:7
LH:2
BRF:0
BRH:0
end_of_record
TN:
SF:src/wyvern-schemas/src/schemas/main/index.ts
FNF:0
FNH:0
DA:3,1
DA:4,1
DA:5,1
DA:14,1
LF:4
LH:4
BRF:0
BRH:0
end_of_record
TN:
SF:src/wyvern-schemas/src/tokens/index.ts
FNF:0
FNH:0
DA:4,1
DA:5,1
DA:7,1
LF:3
LH:3
BRF:0
BRH:0
end_of_record
TN:
SF:src/wyvern-schemas/src/tokens/main/index.ts
FNF:0
FNH:0
DA:5,1
LF:1
LH:1
BRF:0
BRH:0
end_of_record
TN:
SF:src/wyvern-schemas/src/tokens/rinkeby/index.ts
FNF:0
FNH:0
DA:5,1
LF:1
LH:1
BRF:0
BRH:0
end_of_record
